CRITICAL - 2022-03-03 00:07:34 --> Undefined property: App\Controllers\VehicleControl::$db
#0 C:\xampp\htdocs\City_Taxi\app\Controllers\VehicleControl.php(20): CodeIgniter\Debug\Exceptions->errorHandler(8, 'Undefined prope...', 'C:\\xampp\\htdocs...', 20, Array)
#1 C:\xampp\htdocs\City_Taxi\system\CodeIgniter.php(825): App\Controllers\VehicleControl->index()
#2 C:\xampp\htdocs\City_Taxi\system\CodeIgniter.php(412): CodeIgniter\CodeIgniter->runController(Object(App\Controllers\VehicleControl))
#3 C:\xampp\htdocs\City_Taxi\system\CodeIgniter.php(320): CodeIgniter\CodeIgniter->handleRequest(NULL, Object(Config\Cache), false)
#4 C:\xampp\htdocs\City_Taxi\public\index.php(37): CodeIgniter\CodeIgniter->run()
#5 C:\xampp\htdocs\City_Taxi\system\Commands\Server\rewrite.php(43): require_once('C:\\xampp\\htdocs...')
#6 {main}
CRITICAL - 2022-03-03 00:15:35 --> Cannot use object of type SQLite3 as array
#0 C:\xampp\htdocs\City_Taxi\system\View\View.php(210): include()
#1 C:\xampp\htdocs\City_Taxi\system\View\View.php(213): CodeIgniter\View\View->CodeIgniter\View\{closure}()
#2 C:\xampp\htdocs\City_Taxi\system\Common.php(1089): CodeIgniter\View\View->render('Admin/vList.php', Array, true)
#3 C:\xampp\htdocs\City_Taxi\app\Controllers\VehicleControl.php(50): view('Admin/vList.php', Array)
#4 C:\xampp\htdocs\City_Taxi\system\CodeIgniter.php(825): App\Controllers\VehicleControl->index()
#5 C:\xampp\htdocs\City_Taxi\system\CodeIgniter.php(412): CodeIgniter\CodeIgniter->runController(Object(App\Controllers\VehicleControl))
#6 C:\xampp\htdocs\City_Taxi\system\CodeIgniter.php(320): CodeIgniter\CodeIgniter->handleRequest(NULL, Object(Config\Cache), false)
#7 C:\xampp\htdocs\City_Taxi\public\index.php(37): CodeIgniter\CodeIgniter->run()
#8 C:\xampp\htdocs\City_Taxi\system\Commands\Server\rewrite.php(43): require_once('C:\\xampp\\htdocs...')
#9 {main}
ERROR - 2022-03-03 00:27:38 --> ErrorException: SQLite3::query(): Unable to prepare statement: 1, RIGHT and FULL OUTER JOINs are not currently supported in C:\xampp\htdocs\City_Taxi\system\Database\SQLite3\Connection.php:116
Stack trace:
#0 [internal function]: CodeIgniter\Debug\Exceptions->errorHandler(2, 'SQLite3::query(...', 'C:\\xampp\\htdocs...', 116, Array)
#1 C:\xampp\htdocs\City_Taxi\system\Database\SQLite3\Connection.php(116): SQLite3->query('SELECT *\nFROM `...')
#2 C:\xampp\htdocs\City_Taxi\system\Database\BaseConnection.php(670): CodeIgniter\Database\SQLite3\Connection->execute('SELECT *\nFROM `...')
#3 C:\xampp\htdocs\City_Taxi\system\Database\BaseConnection.php(598): CodeIgniter\Database\BaseConnection->simpleQuery('SELECT *\nFROM `...')
#4 C:\xampp\htdocs\City_Taxi\system\Database\BaseBuilder.php(1455): CodeIgniter\Database\BaseConnection->query('SELECT *\nFROM `...', Array, false)
#5 C:\xampp\htdocs\City_Taxi\app\Controllers\VehicleControl.php(28): CodeIgniter\Database\BaseBuilder->get()
#6 C:\xampp\htdocs\City_Taxi\system\CodeIgniter.php(825): App\Controllers\VehicleControl->index()
#7 C:\xampp\htdocs\City_Taxi\system\CodeIgniter.php(412): CodeIgniter\CodeIgniter->runController(Object(App\Controllers\VehicleControl))
#8 C:\xampp\htdocs\City_Taxi\system\CodeIgniter.php(320): CodeIgniter\CodeIgniter->handleRequest(NULL, Object(Config\Cache), false)
#9 C:\xampp\htdocs\City_Taxi\public\index.php(37): CodeIgniter\CodeIgniter->run()
#10 C:\xampp\htdocs\City_Taxi\system\Commands\Server\rewrite.php(43): require_once('C:\\xampp\\htdocs...')
#11 {main}
ERROR - 2022-03-03 00:27:38 --> ErrorException: SQLite3::query(): Unable to prepare statement: 1, RIGHT and FULL OUTER JOINs are not currently supported in C:\xampp\htdocs\City_Taxi\system\Database\SQLite3\Connection.php:116
Stack trace:
#0 [internal function]: CodeIgniter\Debug\Exceptions->errorHandler(2, 'SQLite3::query(...', 'C:\\xampp\\htdocs...', 116, Array)
#1 C:\xampp\htdocs\City_Taxi\system\Database\SQLite3\Connection.php(116): SQLite3->query('SELECT *\nFROM `...')
#2 C:\xampp\htdocs\City_Taxi\system\Database\BaseConnection.php(670): CodeIgniter\Database\SQLite3\Connection->execute('SELECT *\nFROM `...')
#3 C:\xampp\htdocs\City_Taxi\system\Database\BaseConnection.php(598): CodeIgniter\Database\BaseConnection->simpleQuery('SELECT *\nFROM `...')
#4 C:\xampp\htdocs\City_Taxi\system\Database\BaseBuilder.php(1455): CodeIgniter\Database\BaseConnection->query('SELECT *\nFROM `...', Array, false)
#5 C:\xampp\htdocs\City_Taxi\app\Controllers\VehicleControl.php(28): CodeIgniter\Database\BaseBuilder->get()
#6 C:\xampp\htdocs\City_Taxi\system\CodeIgniter.php(825): App\Controllers\VehicleControl->index()
#7 C:\xampp\htdocs\City_Taxi\system\CodeIgniter.php(412): CodeIgniter\CodeIgniter->runController(Object(App\Controllers\VehicleControl))
#8 C:\xampp\htdocs\City_Taxi\system\CodeIgniter.php(320): CodeIgniter\CodeIgniter->handleRequest(NULL, Object(Config\Cache), false)
#9 C:\xampp\htdocs\City_Taxi\public\index.php(37): CodeIgniter\CodeIgniter->run()
#10 C:\xampp\htdocs\City_Taxi\system\Commands\Server\rewrite.php(43): require_once('C:\\xampp\\htdocs...')
#11 {main}
CRITICAL - 2022-03-03 00:43:24 --> Undefined index: v_type
#0 C:\xampp\htdocs\City_Taxi\app\Views\Admin\vList.php(30): CodeIgniter\Debug\Exceptions->errorHandler(8, 'Undefined index...', 'C:\\xampp\\htdocs...', 30, Array)
#1 C:\xampp\htdocs\City_Taxi\system\View\View.php(210): include('C:\\xampp\\htdocs...')
#2 C:\xampp\htdocs\City_Taxi\system\View\View.php(213): CodeIgniter\View\View->CodeIgniter\View\{closure}()
#3 C:\xampp\htdocs\City_Taxi\system\Common.php(1089): CodeIgniter\View\View->render('Admin/vList.php', Array, true)
#4 C:\xampp\htdocs\City_Taxi\app\Controllers\VehicleControl.php(55): view('Admin/vList.php', Array)
#5 C:\xampp\htdocs\City_Taxi\system\CodeIgniter.php(825): App\Controllers\VehicleControl->index()
#6 C:\xampp\htdocs\City_Taxi\system\CodeIgniter.php(412): CodeIgniter\CodeIgniter->runController(Object(App\Controllers\VehicleControl))
#7 C:\xampp\htdocs\City_Taxi\system\CodeIgniter.php(320): CodeIgniter\CodeIgniter->handleRequest(NULL, Object(Config\Cache), false)
#8 C:\xampp\htdocs\City_Taxi\public\index.php(37): CodeIgniter\CodeIgniter->run()
#9 C:\xampp\htdocs\City_Taxi\system\Commands\Server\rewrite.php(43): require_once('C:\\xampp\\htdocs...')
#10 {main}
CRITICAL - 2022-03-03 00:43:38 --> Undefined index: v_type
#0 C:\xampp\htdocs\City_Taxi\app\Views\Admin\vList.php(30): CodeIgniter\Debug\Exceptions->errorHandler(8, 'Undefined index...', 'C:\\xampp\\htdocs...', 30, Array)
#1 C:\xampp\htdocs\City_Taxi\system\View\View.php(210): include('C:\\xampp\\htdocs...')
#2 C:\xampp\htdocs\City_Taxi\system\View\View.php(213): CodeIgniter\View\View->CodeIgniter\View\{closure}()
#3 C:\xampp\htdocs\City_Taxi\system\Common.php(1089): CodeIgniter\View\View->render('Admin/vList.php', Array, true)
#4 C:\xampp\htdocs\City_Taxi\app\Controllers\VehicleControl.php(55): view('Admin/vList.php', Array)
#5 C:\xampp\htdocs\City_Taxi\system\CodeIgniter.php(825): App\Controllers\VehicleControl->index()
#6 C:\xampp\htdocs\City_Taxi\system\CodeIgniter.php(412): CodeIgniter\CodeIgniter->runController(Object(App\Controllers\VehicleControl))
#7 C:\xampp\htdocs\City_Taxi\system\CodeIgniter.php(320): CodeIgniter\CodeIgniter->handleRequest(NULL, Object(Config\Cache), false)
#8 C:\xampp\htdocs\City_Taxi\public\index.php(37): CodeIgniter\CodeIgniter->run()
#9 C:\xampp\htdocs\City_Taxi\system\Commands\Server\rewrite.php(43): require_once('C:\\xampp\\htdocs...')
#10 {main}
ERROR - 2022-03-03 00:46:53 --> ErrorException: SQLite3::query(): Unable to prepare statement: 1, no such column: vehicles.vid in C:\xampp\htdocs\City_Taxi\system\Database\SQLite3\Connection.php:116
Stack trace:
#0 [internal function]: CodeIgniter\Debug\Exceptions->errorHandler(2, 'SQLite3::query(...', 'C:\\xampp\\htdocs...', 116, Array)
#1 C:\xampp\htdocs\City_Taxi\system\Database\SQLite3\Connection.php(116): SQLite3->query('SELECT `vehicle...')
#2 C:\xampp\htdocs\City_Taxi\system\Database\BaseConnection.php(670): CodeIgniter\Database\SQLite3\Connection->execute('SELECT `vehicle...')
#3 C:\xampp\htdocs\City_Taxi\system\Database\BaseConnection.php(598): CodeIgniter\Database\BaseConnection->simpleQuery('SELECT `vehicle...')
#4 C:\xampp\htdocs\City_Taxi\system\Database\BaseBuilder.php(1455): CodeIgniter\Database\BaseConnection->query('SELECT `vehicle...', Array, false)
#5 C:\xampp\htdocs\City_Taxi\app\Controllers\VehicleControl.php(31): CodeIgniter\Database\BaseBuilder->get()
#6 C:\xampp\htdocs\City_Taxi\system\CodeIgniter.php(825): App\Controllers\VehicleControl->index()
#7 C:\xampp\htdocs\City_Taxi\system\CodeIgniter.php(412): CodeIgniter\CodeIgniter->runController(Object(App\Controllers\VehicleControl))
#8 C:\xampp\htdocs\City_Taxi\system\CodeIgniter.php(320): CodeIgniter\CodeIgniter->handleRequest(NULL, Object(Config\Cache), false)
#9 C:\xampp\htdocs\City_Taxi\public\index.php(37): CodeIgniter\CodeIgniter->run()
#10 C:\xampp\htdocs\City_Taxi\system\Commands\Server\rewrite.php(43): require_once('C:\\xampp\\htdocs...')
#11 {main}
ERROR - 2022-03-03 00:46:53 --> ErrorException: SQLite3::query(): Unable to prepare statement: 1, no such column: vehicles.vid in C:\xampp\htdocs\City_Taxi\system\Database\SQLite3\Connection.php:116
Stack trace:
#0 [internal function]: CodeIgniter\Debug\Exceptions->errorHandler(2, 'SQLite3::query(...', 'C:\\xampp\\htdocs...', 116, Array)
#1 C:\xampp\htdocs\City_Taxi\system\Database\SQLite3\Connection.php(116): SQLite3->query('SELECT `vehicle...')
#2 C:\xampp\htdocs\City_Taxi\system\Database\BaseConnection.php(670): CodeIgniter\Database\SQLite3\Connection->execute('SELECT `vehicle...')
#3 C:\xampp\htdocs\City_Taxi\system\Database\BaseConnection.php(598): CodeIgniter\Database\BaseConnection->simpleQuery('SELECT `vehicle...')
#4 C:\xampp\htdocs\City_Taxi\system\Database\BaseBuilder.php(1455): CodeIgniter\Database\BaseConnection->query('SELECT `vehicle...', Array, false)
#5 C:\xampp\htdocs\City_Taxi\app\Controllers\VehicleControl.php(31): CodeIgniter\Database\BaseBuilder->get()
#6 C:\xampp\htdocs\City_Taxi\system\CodeIgniter.php(825): App\Controllers\VehicleControl->index()
#7 C:\xampp\htdocs\City_Taxi\system\CodeIgniter.php(412): CodeIgniter\CodeIgniter->runController(Object(App\Controllers\VehicleControl))
#8 C:\xampp\htdocs\City_Taxi\system\CodeIgniter.php(320): CodeIgniter\CodeIgniter->handleRequest(NULL, Object(Config\Cache), false)
#9 C:\xampp\htdocs\City_Taxi\public\index.php(37): CodeIgniter\CodeIgniter->run()
#10 C:\xampp\htdocs\City_Taxi\system\Commands\Server\rewrite.php(43): require_once('C:\\xampp\\htdocs...')
#11 {main}
CRITICAL - 2022-03-03 00:47:55 --> Undefined index: v_type
#0 C:\xampp\htdocs\City_Taxi\app\Views\Admin\vList.php(30): CodeIgniter\Debug\Exceptions->errorHandler(8, 'Undefined index...', 'C:\\xampp\\htdocs...', 30, Array)
#1 C:\xampp\htdocs\City_Taxi\system\View\View.php(210): include('C:\\xampp\\htdocs...')
#2 C:\xampp\htdocs\City_Taxi\system\View\View.php(213): CodeIgniter\View\View->CodeIgniter\View\{closure}()
#3 C:\xampp\htdocs\City_Taxi\system\Common.php(1089): CodeIgniter\View\View->render('Admin/vList.php', Array, true)
#4 C:\xampp\htdocs\City_Taxi\app\Controllers\VehicleControl.php(56): view('Admin/vList.php', Array)
#5 C:\xampp\htdocs\City_Taxi\system\CodeIgniter.php(825): App\Controllers\VehicleControl->index()
#6 C:\xampp\htdocs\City_Taxi\system\CodeIgniter.php(412): CodeIgniter\CodeIgniter->runController(Object(App\Controllers\VehicleControl))
#7 C:\xampp\htdocs\City_Taxi\system\CodeIgniter.php(320): CodeIgniter\CodeIgniter->handleRequest(NULL, Object(Config\Cache), false)
#8 C:\xampp\htdocs\City_Taxi\public\index.php(37): CodeIgniter\CodeIgniter->run()
#9 C:\xampp\htdocs\City_Taxi\system\Commands\Server\rewrite.php(43): require_once('C:\\xampp\\htdocs...')
#10 {main}
CRITICAL - 2022-03-03 00:48:45 --> Undefined index: v_type
#0 C:\xampp\htdocs\City_Taxi\app\Views\Admin\vList.php(30): CodeIgniter\Debug\Exceptions->errorHandler(8, 'Undefined index...', 'C:\\xampp\\htdocs...', 30, Array)
#1 C:\xampp\htdocs\City_Taxi\system\View\View.php(210): include('C:\\xampp\\htdocs...')
#2 C:\xampp\htdocs\City_Taxi\system\View\View.php(213): CodeIgniter\View\View->CodeIgniter\View\{closure}()
#3 C:\xampp\htdocs\City_Taxi\system\Common.php(1089): CodeIgniter\View\View->render('Admin/vList.php', Array, true)
#4 C:\xampp\htdocs\City_Taxi\app\Controllers\VehicleControl.php(56): view('Admin/vList.php', Array)
#5 C:\xampp\htdocs\City_Taxi\system\CodeIgniter.php(825): App\Controllers\VehicleControl->index()
#6 C:\xampp\htdocs\City_Taxi\system\CodeIgniter.php(412): CodeIgniter\CodeIgniter->runController(Object(App\Controllers\VehicleControl))
#7 C:\xampp\htdocs\City_Taxi\system\CodeIgniter.php(320): CodeIgniter\CodeIgniter->handleRequest(NULL, Object(Config\Cache), false)
#8 C:\xampp\htdocs\City_Taxi\public\index.php(37): CodeIgniter\CodeIgniter->run()
#9 C:\xampp\htdocs\City_Taxi\system\Commands\Server\rewrite.php(43): require_once('C:\\xampp\\htdocs...')
#10 {main}
