CRITICAL - 2022-03-10 04:33:28 --> Invalid file: Passenger/Make_request.php
#0 C:\xampp\htdocs\City_Taxi\system\View\View.php(198): CodeIgniter\Exceptions\FrameworkException::forInvalidFile('Passenger/Make_...')
#1 C:\xampp\htdocs\City_Taxi\system\Common.php(1089): CodeIgniter\View\View->render('Passenger/Make_...', Array, true)
#2 C:\xampp\htdocs\City_Taxi\app\Controllers\Home.php(43): view('Passenger/Make_...', Array)
#3 C:\xampp\htdocs\City_Taxi\system\CodeIgniter.php(825): App\Controllers\Home->mkrequest()
#4 C:\xampp\htdocs\City_Taxi\system\CodeIgniter.php(412): CodeIgniter\CodeIgniter->runController(Object(App\Controllers\Home))
#5 C:\xampp\htdocs\City_Taxi\system\CodeIgniter.php(320): CodeIgniter\CodeIgniter->handleRequest(NULL, Object(Config\Cache), false)
#6 C:\xampp\htdocs\City_Taxi\public\index.php(37): CodeIgniter\CodeIgniter->run()
#7 C:\xampp\htdocs\City_Taxi\system\Commands\Server\rewrite.php(43): require_once('C:\\xampp\\htdocs...')
#8 {main}
CRITICAL - 2022-03-10 04:34:40 --> Invalid file: Passenger/Make_request.php
#0 C:\xampp\htdocs\City_Taxi\system\View\View.php(198): CodeIgniter\Exceptions\FrameworkException::forInvalidFile('Passenger/Make_...')
#1 C:\xampp\htdocs\City_Taxi\system\Common.php(1089): CodeIgniter\View\View->render('Passenger/Make_...', Array, true)
#2 C:\xampp\htdocs\City_Taxi\app\Controllers\Home.php(43): view('Passenger/Make_...', Array)
#3 C:\xampp\htdocs\City_Taxi\system\CodeIgniter.php(825): App\Controllers\Home->mkrequest()
#4 C:\xampp\htdocs\City_Taxi\system\CodeIgniter.php(412): CodeIgniter\CodeIgniter->runController(Object(App\Controllers\Home))
#5 C:\xampp\htdocs\City_Taxi\system\CodeIgniter.php(320): CodeIgniter\CodeIgniter->handleRequest(NULL, Object(Config\Cache), false)
#6 C:\xampp\htdocs\City_Taxi\public\index.php(37): CodeIgniter\CodeIgniter->run()
#7 C:\xampp\htdocs\City_Taxi\system\Commands\Server\rewrite.php(43): require_once('C:\\xampp\\htdocs...')
#8 {main}
CRITICAL - 2022-03-10 10:29:54 --> Undefined variable: types
#0 C:\xampp\htdocs\City_Taxi\app\Views\Passenger\Make_request.php(91): CodeIgniter\Debug\Exceptions->errorHandler(8, 'Undefined varia...', 'C:\\xampp\\htdocs...', 91, Array)
#1 C:\xampp\htdocs\City_Taxi\system\View\View.php(210): include('C:\\xampp\\htdocs...')
#2 C:\xampp\htdocs\City_Taxi\system\View\View.php(213): CodeIgniter\View\View->CodeIgniter\View\{closure}()
#3 C:\xampp\htdocs\City_Taxi\system\Common.php(1089): CodeIgniter\View\View->render('Passenger/Make_...', Array, true)
#4 C:\xampp\htdocs\City_Taxi\app\Controllers\Home.php(43): view('Passenger/Make_...', Array)
#5 C:\xampp\htdocs\City_Taxi\system\CodeIgniter.php(825): App\Controllers\Home->mkrequest()
#6 C:\xampp\htdocs\City_Taxi\system\CodeIgniter.php(412): CodeIgniter\CodeIgniter->runController(Object(App\Controllers\Home))
#7 C:\xampp\htdocs\City_Taxi\system\CodeIgniter.php(320): CodeIgniter\CodeIgniter->handleRequest(NULL, Object(Config\Cache), false)
#8 C:\xampp\htdocs\City_Taxi\public\index.php(37): CodeIgniter\CodeIgniter->run()
#9 C:\xampp\htdocs\City_Taxi\system\Commands\Server\rewrite.php(43): require_once('C:\\xampp\\htdocs...')
#10 {main}
CRITICAL - 2022-03-10 10:29:58 --> Undefined variable: types
#0 C:\xampp\htdocs\City_Taxi\app\Views\Passenger\Make_request.php(91): CodeIgniter\Debug\Exceptions->errorHandler(8, 'Undefined varia...', 'C:\\xampp\\htdocs...', 91, Array)
#1 C:\xampp\htdocs\City_Taxi\system\View\View.php(210): include('C:\\xampp\\htdocs...')
#2 C:\xampp\htdocs\City_Taxi\system\View\View.php(213): CodeIgniter\View\View->CodeIgniter\View\{closure}()
#3 C:\xampp\htdocs\City_Taxi\system\Common.php(1089): CodeIgniter\View\View->render('Passenger/Make_...', Array, true)
#4 C:\xampp\htdocs\City_Taxi\app\Controllers\Home.php(43): view('Passenger/Make_...', Array)
#5 C:\xampp\htdocs\City_Taxi\system\CodeIgniter.php(825): App\Controllers\Home->mkrequest()
#6 C:\xampp\htdocs\City_Taxi\system\CodeIgniter.php(412): CodeIgniter\CodeIgniter->runController(Object(App\Controllers\Home))
#7 C:\xampp\htdocs\City_Taxi\system\CodeIgniter.php(320): CodeIgniter\CodeIgniter->handleRequest(NULL, Object(Config\Cache), false)
#8 C:\xampp\htdocs\City_Taxi\public\index.php(37): CodeIgniter\CodeIgniter->run()
#9 C:\xampp\htdocs\City_Taxi\system\Commands\Server\rewrite.php(43): require_once('C:\\xampp\\htdocs...')
#10 {main}
CRITICAL - 2022-03-10 10:30:39 --> Undefined variable: types
#0 C:\xampp\htdocs\City_Taxi\app\Views\Passenger\Make_request.php(91): CodeIgniter\Debug\Exceptions->errorHandler(8, 'Undefined varia...', 'C:\\xampp\\htdocs...', 91, Array)
#1 C:\xampp\htdocs\City_Taxi\system\View\View.php(210): include('C:\\xampp\\htdocs...')
#2 C:\xampp\htdocs\City_Taxi\system\View\View.php(213): CodeIgniter\View\View->CodeIgniter\View\{closure}()
#3 C:\xampp\htdocs\City_Taxi\system\Common.php(1089): CodeIgniter\View\View->render('Passenger/Make_...', Array, true)
#4 C:\xampp\htdocs\City_Taxi\app\Controllers\RequestController.php(24): view('Passenger/Make_...', Array)
#5 C:\xampp\htdocs\City_Taxi\system\CodeIgniter.php(825): App\Controllers\RequestController->index()
#6 C:\xampp\htdocs\City_Taxi\system\CodeIgniter.php(412): CodeIgniter\CodeIgniter->runController(Object(App\Controllers\RequestController))
#7 C:\xampp\htdocs\City_Taxi\system\CodeIgniter.php(320): CodeIgniter\CodeIgniter->handleRequest(NULL, Object(Config\Cache), false)
#8 C:\xampp\htdocs\City_Taxi\public\index.php(37): CodeIgniter\CodeIgniter->run()
#9 C:\xampp\htdocs\City_Taxi\system\Commands\Server\rewrite.php(43): require_once('C:\\xampp\\htdocs...')
#10 {main}
CRITICAL - 2022-03-10 10:32:32 --> Undefined variable: types
#0 C:\xampp\htdocs\City_Taxi\app\Views\Passenger\Make_request.php(91): CodeIgniter\Debug\Exceptions->errorHandler(8, 'Undefined varia...', 'C:\\xampp\\htdocs...', 91, Array)
#1 C:\xampp\htdocs\City_Taxi\system\View\View.php(210): include('C:\\xampp\\htdocs...')
#2 C:\xampp\htdocs\City_Taxi\system\View\View.php(213): CodeIgniter\View\View->CodeIgniter\View\{closure}()
#3 C:\xampp\htdocs\City_Taxi\system\Common.php(1089): CodeIgniter\View\View->render('Passenger/Make_...', Array, true)
#4 C:\xampp\htdocs\City_Taxi\app\Controllers\RequestController.php(24): view('Passenger/Make_...', Array)
#5 C:\xampp\htdocs\City_Taxi\system\CodeIgniter.php(825): App\Controllers\RequestController->index()
#6 C:\xampp\htdocs\City_Taxi\system\CodeIgniter.php(412): CodeIgniter\CodeIgniter->runController(Object(App\Controllers\RequestController))
#7 C:\xampp\htdocs\City_Taxi\system\CodeIgniter.php(320): CodeIgniter\CodeIgniter->handleRequest(NULL, Object(Config\Cache), false)
#8 C:\xampp\htdocs\City_Taxi\public\index.php(37): CodeIgniter\CodeIgniter->run()
#9 C:\xampp\htdocs\City_Taxi\system\Commands\Server\rewrite.php(43): require_once('C:\\xampp\\htdocs...')
#10 {main}
CRITICAL - 2022-03-10 10:33:22 --> Undefined variable: types
#0 C:\xampp\htdocs\City_Taxi\app\Views\Passenger\Make_request.php(91): CodeIgniter\Debug\Exceptions->errorHandler(8, 'Undefined varia...', 'C:\\xampp\\htdocs...', 91, Array)
#1 C:\xampp\htdocs\City_Taxi\system\View\View.php(210): include('C:\\xampp\\htdocs...')
#2 C:\xampp\htdocs\City_Taxi\system\View\View.php(213): CodeIgniter\View\View->CodeIgniter\View\{closure}()
#3 C:\xampp\htdocs\City_Taxi\system\Common.php(1089): CodeIgniter\View\View->render('Passenger/Make_...', Array, true)
#4 C:\xampp\htdocs\City_Taxi\app\Controllers\Home.php(43): view('Passenger/Make_...', Array)
#5 C:\xampp\htdocs\City_Taxi\system\CodeIgniter.php(825): App\Controllers\Home->mkrequest()
#6 C:\xampp\htdocs\City_Taxi\system\CodeIgniter.php(412): CodeIgniter\CodeIgniter->runController(Object(App\Controllers\Home))
#7 C:\xampp\htdocs\City_Taxi\system\CodeIgniter.php(320): CodeIgniter\CodeIgniter->handleRequest(NULL, Object(Config\Cache), false)
#8 C:\xampp\htdocs\City_Taxi\public\index.php(37): CodeIgniter\CodeIgniter->run()
#9 C:\xampp\htdocs\City_Taxi\system\Commands\Server\rewrite.php(43): require_once('C:\\xampp\\htdocs...')
#10 {main}
CRITICAL - 2022-03-10 10:40:29 --> Undefined variable: types
#0 C:\xampp\htdocs\City_Taxi\app\Views\Passenger\Make_request.php(91): CodeIgniter\Debug\Exceptions->errorHandler(8, 'Undefined varia...', 'C:\\xampp\\htdocs...', 91, Array)
#1 C:\xampp\htdocs\City_Taxi\system\View\View.php(210): include('C:\\xampp\\htdocs...')
#2 C:\xampp\htdocs\City_Taxi\system\View\View.php(213): CodeIgniter\View\View->CodeIgniter\View\{closure}()
#3 C:\xampp\htdocs\City_Taxi\system\Common.php(1089): CodeIgniter\View\View->render('Passenger/Make_...', Array, true)
#4 C:\xampp\htdocs\City_Taxi\app\Controllers\Home.php(43): view('Passenger/Make_...', Array)
#5 C:\xampp\htdocs\City_Taxi\system\CodeIgniter.php(825): App\Controllers\Home->mkrequest()
#6 C:\xampp\htdocs\City_Taxi\system\CodeIgniter.php(412): CodeIgniter\CodeIgniter->runController(Object(App\Controllers\Home))
#7 C:\xampp\htdocs\City_Taxi\system\CodeIgniter.php(320): CodeIgniter\CodeIgniter->handleRequest(NULL, Object(Config\Cache), false)
#8 C:\xampp\htdocs\City_Taxi\public\index.php(37): CodeIgniter\CodeIgniter->run()
#9 C:\xampp\htdocs\City_Taxi\system\Commands\Server\rewrite.php(43): require_once('C:\\xampp\\htdocs...')
#10 {main}
CRITICAL - 2022-03-10 13:57:15 --> Undefined variable: users
#0 C:\xampp\htdocs\City_Taxi\app\Views\Admin\driverList.php(16): CodeIgniter\Debug\Exceptions->errorHandler(8, 'Undefined varia...', 'C:\\xampp\\htdocs...', 16, Array)
#1 C:\xampp\htdocs\City_Taxi\system\View\View.php(210): include('C:\\xampp\\htdocs...')
#2 C:\xampp\htdocs\City_Taxi\system\View\View.php(213): CodeIgniter\View\View->CodeIgniter\View\{closure}()
#3 C:\xampp\htdocs\City_Taxi\system\Common.php(1089): CodeIgniter\View\View->render('Admin/driverLis...', Array, true)
#4 C:\xampp\htdocs\City_Taxi\app\Controllers\Home.php(64): view('Admin/driverLis...', Array)
#5 C:\xampp\htdocs\City_Taxi\system\CodeIgniter.php(825): App\Controllers\Home->dlist()
#6 C:\xampp\htdocs\City_Taxi\system\CodeIgniter.php(412): CodeIgniter\CodeIgniter->runController(Object(App\Controllers\Home))
#7 C:\xampp\htdocs\City_Taxi\system\CodeIgniter.php(320): CodeIgniter\CodeIgniter->handleRequest(NULL, Object(Config\Cache), false)
#8 C:\xampp\htdocs\City_Taxi\public\index.php(37): CodeIgniter\CodeIgniter->run()
#9 C:\xampp\htdocs\City_Taxi\system\Commands\Server\rewrite.php(43): require_once('C:\\xampp\\htdocs...')
#10 {main}
CRITICAL - 2022-03-10 14:10:04 --> Undefined variable: users
#0 C:\xampp\htdocs\City_Taxi\app\Views\Admin\driverList.php(16): CodeIgniter\Debug\Exceptions->errorHandler(8, 'Undefined varia...', 'C:\\xampp\\htdocs...', 16, Array)
#1 C:\xampp\htdocs\City_Taxi\system\View\View.php(210): include('C:\\xampp\\htdocs...')
#2 C:\xampp\htdocs\City_Taxi\system\View\View.php(213): CodeIgniter\View\View->CodeIgniter\View\{closure}()
#3 C:\xampp\htdocs\City_Taxi\system\Common.php(1089): CodeIgniter\View\View->render('Admin/driverLis...', Array, true)
#4 C:\xampp\htdocs\City_Taxi\app\Controllers\Home.php(64): view('Admin/driverLis...', Array)
#5 C:\xampp\htdocs\City_Taxi\system\CodeIgniter.php(825): App\Controllers\Home->dlist()
#6 C:\xampp\htdocs\City_Taxi\system\CodeIgniter.php(412): CodeIgniter\CodeIgniter->runController(Object(App\Controllers\Home))
#7 C:\xampp\htdocs\City_Taxi\system\CodeIgniter.php(320): CodeIgniter\CodeIgniter->handleRequest(NULL, Object(Config\Cache), false)
#8 C:\xampp\htdocs\City_Taxi\public\index.php(37): CodeIgniter\CodeIgniter->run()
#9 C:\xampp\htdocs\City_Taxi\system\Commands\Server\rewrite.php(43): require_once('C:\\xampp\\htdocs...')
#10 {main}
CRITICAL - 2022-03-10 14:10:16 --> Undefined variable: users
#0 C:\xampp\htdocs\City_Taxi\app\Views\Admin\driverList.php(16): CodeIgniter\Debug\Exceptions->errorHandler(8, 'Undefined varia...', 'C:\\xampp\\htdocs...', 16, Array)
#1 C:\xampp\htdocs\City_Taxi\system\View\View.php(210): include('C:\\xampp\\htdocs...')
#2 C:\xampp\htdocs\City_Taxi\system\View\View.php(213): CodeIgniter\View\View->CodeIgniter\View\{closure}()
#3 C:\xampp\htdocs\City_Taxi\system\Common.php(1089): CodeIgniter\View\View->render('Admin/driverLis...', Array, true)
#4 C:\xampp\htdocs\City_Taxi\app\Controllers\Home.php(64): view('Admin/driverLis...', Array)
#5 C:\xampp\htdocs\City_Taxi\system\CodeIgniter.php(825): App\Controllers\Home->dlist()
#6 C:\xampp\htdocs\City_Taxi\system\CodeIgniter.php(412): CodeIgniter\CodeIgniter->runController(Object(App\Controllers\Home))
#7 C:\xampp\htdocs\City_Taxi\system\CodeIgniter.php(320): CodeIgniter\CodeIgniter->handleRequest(NULL, Object(Config\Cache), false)
#8 C:\xampp\htdocs\City_Taxi\public\index.php(37): CodeIgniter\CodeIgniter->run()
#9 C:\xampp\htdocs\City_Taxi\system\Commands\Server\rewrite.php(43): require_once('C:\\xampp\\htdocs...')
#10 {main}
CRITICAL - 2022-03-10 14:12:02 --> Undefined variable: users
#0 C:\xampp\htdocs\City_Taxi\app\Views\Admin\driverList.php(16): CodeIgniter\Debug\Exceptions->errorHandler(8, 'Undefined varia...', 'C:\\xampp\\htdocs...', 16, Array)
#1 C:\xampp\htdocs\City_Taxi\system\View\View.php(210): include('C:\\xampp\\htdocs...')
#2 C:\xampp\htdocs\City_Taxi\system\View\View.php(213): CodeIgniter\View\View->CodeIgniter\View\{closure}()
#3 C:\xampp\htdocs\City_Taxi\system\Common.php(1089): CodeIgniter\View\View->render('Admin/driverLis...', Array, true)
#4 C:\xampp\htdocs\City_Taxi\app\Controllers\Home.php(64): view('Admin/driverLis...', Array)
#5 C:\xampp\htdocs\City_Taxi\system\CodeIgniter.php(825): App\Controllers\Home->dlist()
#6 C:\xampp\htdocs\City_Taxi\system\CodeIgniter.php(412): CodeIgniter\CodeIgniter->runController(Object(App\Controllers\Home))
#7 C:\xampp\htdocs\City_Taxi\system\CodeIgniter.php(320): CodeIgniter\CodeIgniter->handleRequest(NULL, Object(Config\Cache), false)
#8 C:\xampp\htdocs\City_Taxi\public\index.php(37): CodeIgniter\CodeIgniter->run()
#9 C:\xampp\htdocs\City_Taxi\system\Commands\Server\rewrite.php(43): require_once('C:\\xampp\\htdocs...')
#10 {main}
CRITICAL - 2022-03-10 14:22:14 --> Undefined variable: users
#0 C:\xampp\htdocs\City_Taxi\app\Views\Admin\vList.php(164): CodeIgniter\Debug\Exceptions->errorHandler(8, 'Undefined varia...', 'C:\\xampp\\htdocs...', 164, Array)
#1 C:\xampp\htdocs\City_Taxi\system\View\View.php(210): include('C:\\xampp\\htdocs...')
#2 C:\xampp\htdocs\City_Taxi\system\View\View.php(213): CodeIgniter\View\View->CodeIgniter\View\{closure}()
#3 C:\xampp\htdocs\City_Taxi\system\Common.php(1089): CodeIgniter\View\View->render('Admin/vList.php', Array, true)
#4 C:\xampp\htdocs\City_Taxi\app\Controllers\VehicleControl.php(49): view('Admin/vList.php', Array)
#5 C:\xampp\htdocs\City_Taxi\system\CodeIgniter.php(825): App\Controllers\VehicleControl->index()
#6 C:\xampp\htdocs\City_Taxi\system\CodeIgniter.php(412): CodeIgniter\CodeIgniter->runController(Object(App\Controllers\VehicleControl))
#7 C:\xampp\htdocs\City_Taxi\system\CodeIgniter.php(320): CodeIgniter\CodeIgniter->handleRequest(NULL, Object(Config\Cache), false)
#8 C:\xampp\htdocs\City_Taxi\public\index.php(37): CodeIgniter\CodeIgniter->run()
#9 C:\xampp\htdocs\City_Taxi\system\Commands\Server\rewrite.php(43): require_once('C:\\xampp\\htdocs...')
#10 {main}
ERROR - 2022-03-10 14:27:03 --> ErrorException: SQLite3::query(): Unable to prepare statement: 1, no such column: userType in C:\xampp\htdocs\City_Taxi\system\Database\SQLite3\Connection.php:116
Stack trace:
#0 [internal function]: CodeIgniter\Debug\Exceptions->errorHandler(2, 'SQLite3::query(...', 'C:\\xampp\\htdocs...', 116, Array)
#1 C:\xampp\htdocs\City_Taxi\system\Database\SQLite3\Connection.php(116): SQLite3->query('SELECT *\nFROM `...')
#2 C:\xampp\htdocs\City_Taxi\system\Database\BaseConnection.php(670): CodeIgniter\Database\SQLite3\Connection->execute('SELECT *\nFROM `...')
#3 C:\xampp\htdocs\City_Taxi\system\Database\BaseConnection.php(598): CodeIgniter\Database\BaseConnection->simpleQuery('SELECT *\nFROM `...')
#4 C:\xampp\htdocs\City_Taxi\system\Database\BaseBuilder.php(1588): CodeIgniter\Database\BaseConnection->query('SELECT *\nFROM `...', Array, false)
#5 C:\xampp\htdocs\City_Taxi\app\Controllers\VehicleControl.php(33): CodeIgniter\Database\BaseBuilder->getWhere(Array)
#6 C:\xampp\htdocs\City_Taxi\system\CodeIgniter.php(825): App\Controllers\VehicleControl->index()
#7 C:\xampp\htdocs\City_Taxi\system\CodeIgniter.php(412): CodeIgniter\CodeIgniter->runController(Object(App\Controllers\VehicleControl))
#8 C:\xampp\htdocs\City_Taxi\system\CodeIgniter.php(320): CodeIgniter\CodeIgniter->handleRequest(NULL, Object(Config\Cache), false)
#9 C:\xampp\htdocs\City_Taxi\public\index.php(37): CodeIgniter\CodeIgniter->run()
#10 C:\xampp\htdocs\City_Taxi\system\Commands\Server\rewrite.php(43): require_once('C:\\xampp\\htdocs...')
#11 {main}
ERROR - 2022-03-10 14:27:04 --> ErrorException: SQLite3::query(): Unable to prepare statement: 1, no such column: userType in C:\xampp\htdocs\City_Taxi\system\Database\SQLite3\Connection.php:116
Stack trace:
#0 [internal function]: CodeIgniter\Debug\Exceptions->errorHandler(2, 'SQLite3::query(...', 'C:\\xampp\\htdocs...', 116, Array)
#1 C:\xampp\htdocs\City_Taxi\system\Database\SQLite3\Connection.php(116): SQLite3->query('SELECT *\nFROM `...')
#2 C:\xampp\htdocs\City_Taxi\system\Database\BaseConnection.php(670): CodeIgniter\Database\SQLite3\Connection->execute('SELECT *\nFROM `...')
#3 C:\xampp\htdocs\City_Taxi\system\Database\BaseConnection.php(598): CodeIgniter\Database\BaseConnection->simpleQuery('SELECT *\nFROM `...')
#4 C:\xampp\htdocs\City_Taxi\system\Database\BaseBuilder.php(1588): CodeIgniter\Database\BaseConnection->query('SELECT *\nFROM `...', Array, false)
#5 C:\xampp\htdocs\City_Taxi\app\Controllers\VehicleControl.php(33): CodeIgniter\Database\BaseBuilder->getWhere(Array)
#6 C:\xampp\htdocs\City_Taxi\system\CodeIgniter.php(825): App\Controllers\VehicleControl->index()
#7 C:\xampp\htdocs\City_Taxi\system\CodeIgniter.php(412): CodeIgniter\CodeIgniter->runController(Object(App\Controllers\VehicleControl))
#8 C:\xampp\htdocs\City_Taxi\system\CodeIgniter.php(320): CodeIgniter\CodeIgniter->handleRequest(NULL, Object(Config\Cache), false)
#9 C:\xampp\htdocs\City_Taxi\public\index.php(37): CodeIgniter\CodeIgniter->run()
#10 C:\xampp\htdocs\City_Taxi\system\Commands\Server\rewrite.php(43): require_once('C:\\xampp\\htdocs...')
#11 {main}
