CRITICAL - 2022-02-21 00:21:17 --> Undefined variable: users
#0 C:\xampp\htdocs\City_Taxi\app\Views\Admin\userList.php(13): CodeIgniter\Debug\Exceptions->errorHandler(8, 'Undefined varia...', 'C:\\xampp\\htdocs...', 13, Array)
#1 C:\xampp\htdocs\City_Taxi\system\View\View.php(210): include('C:\\xampp\\htdocs...')
#2 C:\xampp\htdocs\City_Taxi\system\View\View.php(213): CodeIgniter\View\View->CodeIgniter\View\{closure}()
#3 C:\xampp\htdocs\City_Taxi\system\Common.php(1089): CodeIgniter\View\View->render('Admin/userList', Array, true)
#4 C:\xampp\htdocs\City_Taxi\app\Controllers\UserControl.php(10): view('Admin/userList')
#5 C:\xampp\htdocs\City_Taxi\system\CodeIgniter.php(825): App\Controllers\UserControl->index()
#6 C:\xampp\htdocs\City_Taxi\system\CodeIgniter.php(412): CodeIgniter\CodeIgniter->runController(Object(App\Controllers\UserControl))
#7 C:\xampp\htdocs\City_Taxi\system\CodeIgniter.php(320): CodeIgniter\CodeIgniter->handleRequest(NULL, Object(Config\Cache), false)
#8 C:\xampp\htdocs\City_Taxi\public\index.php(37): CodeIgniter\CodeIgniter->run()
#9 C:\xampp\htdocs\City_Taxi\system\Commands\Server\rewrite.php(43): require_once('C:\\xampp\\htdocs...')
#10 {main}
CRITICAL - 2022-02-21 00:21:31 --> Undefined variable: users
#0 C:\xampp\htdocs\City_Taxi\app\Views\Admin\userList.php(13): CodeIgniter\Debug\Exceptions->errorHandler(8, 'Undefined varia...', 'C:\\xampp\\htdocs...', 13, Array)
#1 C:\xampp\htdocs\City_Taxi\system\View\View.php(210): include('C:\\xampp\\htdocs...')
#2 C:\xampp\htdocs\City_Taxi\system\View\View.php(213): CodeIgniter\View\View->CodeIgniter\View\{closure}()
#3 C:\xampp\htdocs\City_Taxi\system\Common.php(1089): CodeIgniter\View\View->render('Admin/userList', Array, true)
#4 C:\xampp\htdocs\City_Taxi\app\Controllers\UserControl.php(10): view('Admin/userList')
#5 C:\xampp\htdocs\City_Taxi\system\CodeIgniter.php(825): App\Controllers\UserControl->index()
#6 C:\xampp\htdocs\City_Taxi\system\CodeIgniter.php(412): CodeIgniter\CodeIgniter->runController(Object(App\Controllers\UserControl))
#7 C:\xampp\htdocs\City_Taxi\system\CodeIgniter.php(320): CodeIgniter\CodeIgniter->handleRequest(NULL, Object(Config\Cache), false)
#8 C:\xampp\htdocs\City_Taxi\public\index.php(37): CodeIgniter\CodeIgniter->run()
#9 C:\xampp\htdocs\City_Taxi\system\Commands\Server\rewrite.php(43): require_once('C:\\xampp\\htdocs...')
#10 {main}
CRITICAL - 2022-02-21 00:22:56 --> Undefined variable: user
#0 C:\xampp\htdocs\City_Taxi\app\Views\Admin\userList.php(13): CodeIgniter\Debug\Exceptions->errorHandler(8, 'Undefined varia...', 'C:\\xampp\\htdocs...', 13, Array)
#1 C:\xampp\htdocs\City_Taxi\system\View\View.php(210): include('C:\\xampp\\htdocs...')
#2 C:\xampp\htdocs\City_Taxi\system\View\View.php(213): CodeIgniter\View\View->CodeIgniter\View\{closure}()
#3 C:\xampp\htdocs\City_Taxi\system\Common.php(1089): CodeIgniter\View\View->render('Admin/userList', Array, true)
#4 C:\xampp\htdocs\City_Taxi\app\Controllers\UserControl.php(10): view('Admin/userList')
#5 C:\xampp\htdocs\City_Taxi\system\CodeIgniter.php(825): App\Controllers\UserControl->index()
#6 C:\xampp\htdocs\City_Taxi\system\CodeIgniter.php(412): CodeIgniter\CodeIgniter->runController(Object(App\Controllers\UserControl))
#7 C:\xampp\htdocs\City_Taxi\system\CodeIgniter.php(320): CodeIgniter\CodeIgniter->handleRequest(NULL, Object(Config\Cache), false)
#8 C:\xampp\htdocs\City_Taxi\public\index.php(37): CodeIgniter\CodeIgniter->run()
#9 C:\xampp\htdocs\City_Taxi\system\Commands\Server\rewrite.php(43): require_once('C:\\xampp\\htdocs...')
#10 {main}
CRITICAL - 2022-02-21 00:23:07 --> Undefined variable: user
#0 C:\xampp\htdocs\City_Taxi\app\Views\Admin\userList.php(13): CodeIgniter\Debug\Exceptions->errorHandler(8, 'Undefined varia...', 'C:\\xampp\\htdocs...', 13, Array)
#1 C:\xampp\htdocs\City_Taxi\system\View\View.php(210): include('C:\\xampp\\htdocs...')
#2 C:\xampp\htdocs\City_Taxi\system\View\View.php(213): CodeIgniter\View\View->CodeIgniter\View\{closure}()
#3 C:\xampp\htdocs\City_Taxi\system\Common.php(1089): CodeIgniter\View\View->render('Admin/userList', Array, true)
#4 C:\xampp\htdocs\City_Taxi\app\Controllers\UserControl.php(10): view('Admin/userList')
#5 C:\xampp\htdocs\City_Taxi\system\CodeIgniter.php(825): App\Controllers\UserControl->index()
#6 C:\xampp\htdocs\City_Taxi\system\CodeIgniter.php(412): CodeIgniter\CodeIgniter->runController(Object(App\Controllers\UserControl))
#7 C:\xampp\htdocs\City_Taxi\system\CodeIgniter.php(320): CodeIgniter\CodeIgniter->handleRequest(NULL, Object(Config\Cache), false)
#8 C:\xampp\htdocs\City_Taxi\public\index.php(37): CodeIgniter\CodeIgniter->run()
#9 C:\xampp\htdocs\City_Taxi\system\Commands\Server\rewrite.php(43): require_once('C:\\xampp\\htdocs...')
#10 {main}
CRITICAL - 2022-02-21 00:40:21 --> Undefined variable: user
#0 C:\xampp\htdocs\City_Taxi\app\Views\Admin\userList.php(13): CodeIgniter\Debug\Exceptions->errorHandler(8, 'Undefined varia...', 'C:\\xampp\\htdocs...', 13, Array)
#1 C:\xampp\htdocs\City_Taxi\system\View\View.php(210): include('C:\\xampp\\htdocs...')
#2 C:\xampp\htdocs\City_Taxi\system\View\View.php(213): CodeIgniter\View\View->CodeIgniter\View\{closure}()
#3 C:\xampp\htdocs\City_Taxi\system\Common.php(1089): CodeIgniter\View\View->render('Admin/userList', Array, true)
#4 C:\xampp\htdocs\City_Taxi\app\Controllers\UserControl.php(12): view('Admin/userList')
#5 C:\xampp\htdocs\City_Taxi\system\CodeIgniter.php(825): App\Controllers\UserControl->index()
#6 C:\xampp\htdocs\City_Taxi\system\CodeIgniter.php(412): CodeIgniter\CodeIgniter->runController(Object(App\Controllers\UserControl))
#7 C:\xampp\htdocs\City_Taxi\system\CodeIgniter.php(320): CodeIgniter\CodeIgniter->handleRequest(NULL, Object(Config\Cache), false)
#8 C:\xampp\htdocs\City_Taxi\public\index.php(37): CodeIgniter\CodeIgniter->run()
#9 C:\xampp\htdocs\City_Taxi\system\Commands\Server\rewrite.php(43): require_once('C:\\xampp\\htdocs...')
#10 {main}
CRITICAL - 2022-02-21 00:41:41 --> Undefined variable: user
#0 C:\xampp\htdocs\City_Taxi\app\Views\Admin\userList.php(13): CodeIgniter\Debug\Exceptions->errorHandler(8, 'Undefined varia...', 'C:\\xampp\\htdocs...', 13, Array)
#1 C:\xampp\htdocs\City_Taxi\system\View\View.php(210): include('C:\\xampp\\htdocs...')
#2 C:\xampp\htdocs\City_Taxi\system\View\View.php(213): CodeIgniter\View\View->CodeIgniter\View\{closure}()
#3 C:\xampp\htdocs\City_Taxi\system\Common.php(1089): CodeIgniter\View\View->render('Admin/userList', Array, true)
#4 C:\xampp\htdocs\City_Taxi\app\Controllers\UserControl.php(12): view('Admin/userList')
#5 C:\xampp\htdocs\City_Taxi\system\CodeIgniter.php(825): App\Controllers\UserControl->index()
#6 C:\xampp\htdocs\City_Taxi\system\CodeIgniter.php(412): CodeIgniter\CodeIgniter->runController(Object(App\Controllers\UserControl))
#7 C:\xampp\htdocs\City_Taxi\system\CodeIgniter.php(320): CodeIgniter\CodeIgniter->handleRequest(NULL, Object(Config\Cache), false)
#8 C:\xampp\htdocs\City_Taxi\public\index.php(37): CodeIgniter\CodeIgniter->run()
#9 C:\xampp\htdocs\City_Taxi\system\Commands\Server\rewrite.php(43): require_once('C:\\xampp\\htdocs...')
#10 {main}
CRITICAL - 2022-02-21 00:41:55 --> Undefined variable: user
#0 C:\xampp\htdocs\City_Taxi\app\Views\Admin\userList.php(13): CodeIgniter\Debug\Exceptions->errorHandler(8, 'Undefined varia...', 'C:\\xampp\\htdocs...', 13, Array)
#1 C:\xampp\htdocs\City_Taxi\system\View\View.php(210): include('C:\\xampp\\htdocs...')
#2 C:\xampp\htdocs\City_Taxi\system\View\View.php(213): CodeIgniter\View\View->CodeIgniter\View\{closure}()
#3 C:\xampp\htdocs\City_Taxi\system\Common.php(1089): CodeIgniter\View\View->render('Admin/userList', Array, true)
#4 C:\xampp\htdocs\City_Taxi\app\Controllers\UserControl.php(12): view('Admin/userList')
#5 C:\xampp\htdocs\City_Taxi\system\CodeIgniter.php(825): App\Controllers\UserControl->index()
#6 C:\xampp\htdocs\City_Taxi\system\CodeIgniter.php(412): CodeIgniter\CodeIgniter->runController(Object(App\Controllers\UserControl))
#7 C:\xampp\htdocs\City_Taxi\system\CodeIgniter.php(320): CodeIgniter\CodeIgniter->handleRequest(NULL, Object(Config\Cache), false)
#8 C:\xampp\htdocs\City_Taxi\public\index.php(37): CodeIgniter\CodeIgniter->run()
#9 C:\xampp\htdocs\City_Taxi\system\Commands\Server\rewrite.php(43): require_once('C:\\xampp\\htdocs...')
#10 {main}
CRITICAL - 2022-02-21 00:48:15 --> Undefined variable: users
#0 C:\xampp\htdocs\City_Taxi\app\Views\Admin\userList.php(13): CodeIgniter\Debug\Exceptions->errorHandler(8, 'Undefined varia...', 'C:\\xampp\\htdocs...', 13, Array)
#1 C:\xampp\htdocs\City_Taxi\system\View\View.php(210): include('C:\\xampp\\htdocs...')
#2 C:\xampp\htdocs\City_Taxi\system\View\View.php(213): CodeIgniter\View\View->CodeIgniter\View\{closure}()
#3 C:\xampp\htdocs\City_Taxi\system\Common.php(1089): CodeIgniter\View\View->render('Admin/userList', Array, true)
#4 C:\xampp\htdocs\City_Taxi\app\Controllers\UserControl.php(12): view('Admin/userList')
#5 C:\xampp\htdocs\City_Taxi\system\CodeIgniter.php(825): App\Controllers\UserControl->index()
#6 C:\xampp\htdocs\City_Taxi\system\CodeIgniter.php(412): CodeIgniter\CodeIgniter->runController(Object(App\Controllers\UserControl))
#7 C:\xampp\htdocs\City_Taxi\system\CodeIgniter.php(320): CodeIgniter\CodeIgniter->handleRequest(NULL, Object(Config\Cache), false)
#8 C:\xampp\htdocs\City_Taxi\public\index.php(37): CodeIgniter\CodeIgniter->run()
#9 C:\xampp\htdocs\City_Taxi\system\Commands\Server\rewrite.php(43): require_once('C:\\xampp\\htdocs...')
#10 {main}
CRITICAL - 2022-02-21 00:49:54 --> Undefined variable: users
#0 C:\xampp\htdocs\City_Taxi\app\Views\Admin\userList.php(13): CodeIgniter\Debug\Exceptions->errorHandler(8, 'Undefined varia...', 'C:\\xampp\\htdocs...', 13, Array)
#1 C:\xampp\htdocs\City_Taxi\system\View\View.php(210): include('C:\\xampp\\htdocs...')
#2 C:\xampp\htdocs\City_Taxi\system\View\View.php(213): CodeIgniter\View\View->CodeIgniter\View\{closure}()
#3 C:\xampp\htdocs\City_Taxi\system\Common.php(1089): CodeIgniter\View\View->render('Admin/userList', Array, true)
#4 C:\xampp\htdocs\City_Taxi\app\Controllers\UserControl.php(12): view('Admin/userList')
#5 C:\xampp\htdocs\City_Taxi\system\CodeIgniter.php(825): App\Controllers\UserControl->index()
#6 C:\xampp\htdocs\City_Taxi\system\CodeIgniter.php(412): CodeIgniter\CodeIgniter->runController(Object(App\Controllers\UserControl))
#7 C:\xampp\htdocs\City_Taxi\system\CodeIgniter.php(320): CodeIgniter\CodeIgniter->handleRequest(NULL, Object(Config\Cache), false)
#8 C:\xampp\htdocs\City_Taxi\public\index.php(37): CodeIgniter\CodeIgniter->run()
#9 C:\xampp\htdocs\City_Taxi\system\Commands\Server\rewrite.php(43): require_once('C:\\xampp\\htdocs...')
#10 {main}
CRITICAL - 2022-02-21 00:50:45 --> Undefined variable: users
#0 C:\xampp\htdocs\City_Taxi\app\Views\Admin\userList.php(13): CodeIgniter\Debug\Exceptions->errorHandler(8, 'Undefined varia...', 'C:\\xampp\\htdocs...', 13, Array)
#1 C:\xampp\htdocs\City_Taxi\system\View\View.php(210): include('C:\\xampp\\htdocs...')
#2 C:\xampp\htdocs\City_Taxi\system\View\View.php(213): CodeIgniter\View\View->CodeIgniter\View\{closure}()
#3 C:\xampp\htdocs\City_Taxi\system\Common.php(1089): CodeIgniter\View\View->render('Admin/userList', Array, true)
#4 C:\xampp\htdocs\City_Taxi\app\Controllers\UserControl.php(12): view('Admin/userList')
#5 C:\xampp\htdocs\City_Taxi\system\CodeIgniter.php(825): App\Controllers\UserControl->index()
#6 C:\xampp\htdocs\City_Taxi\system\CodeIgniter.php(412): CodeIgniter\CodeIgniter->runController(Object(App\Controllers\UserControl))
#7 C:\xampp\htdocs\City_Taxi\system\CodeIgniter.php(320): CodeIgniter\CodeIgniter->handleRequest(NULL, Object(Config\Cache), false)
#8 C:\xampp\htdocs\City_Taxi\public\index.php(37): CodeIgniter\CodeIgniter->run()
#9 C:\xampp\htdocs\City_Taxi\system\Commands\Server\rewrite.php(43): require_once('C:\\xampp\\htdocs...')
#10 {main}
ERROR - 2022-02-21 00:52:48 --> ErrorException: SQLite3::query(): Unable to prepare statement: 1, no such column: id in C:\xampp\htdocs\City_Taxi\system\Database\SQLite3\Connection.php:116
Stack trace:
#0 [internal function]: CodeIgniter\Debug\Exceptions->errorHandler(2, 'SQLite3::query(...', 'C:\\xampp\\htdocs...', 116, Array)
#1 C:\xampp\htdocs\City_Taxi\system\Database\SQLite3\Connection.php(116): SQLite3->query('SELECT *\nFROM `...')
#2 C:\xampp\htdocs\City_Taxi\system\Database\BaseConnection.php(670): CodeIgniter\Database\SQLite3\Connection->execute('SELECT *\nFROM `...')
#3 C:\xampp\htdocs\City_Taxi\system\Database\BaseConnection.php(598): CodeIgniter\Database\BaseConnection->simpleQuery('SELECT *\nFROM `...')
#4 C:\xampp\htdocs\City_Taxi\system\Database\BaseBuilder.php(1455): CodeIgniter\Database\BaseConnection->query('SELECT *\nFROM `...', Array, false)
#5 C:\xampp\htdocs\City_Taxi\system\Model.php(183): CodeIgniter\Database\BaseBuilder->get()
#6 C:\xampp\htdocs\City_Taxi\system\BaseModel.php(584): CodeIgniter\Model->doFindAll(0, 0)
#7 C:\xampp\htdocs\City_Taxi\app\Controllers\UserControl.php(20): CodeIgniter\BaseModel->findAll()
#8 C:\xampp\htdocs\City_Taxi\app\Controllers\UserControl.php(12): App\Controllers\UserControl->list()
#9 C:\xampp\htdocs\City_Taxi\system\CodeIgniter.php(825): App\Controllers\UserControl->index()
#10 C:\xampp\htdocs\City_Taxi\system\CodeIgniter.php(412): CodeIgniter\CodeIgniter->runController(Object(App\Controllers\UserControl))
#11 C:\xampp\htdocs\City_Taxi\system\CodeIgniter.php(320): CodeIgniter\CodeIgniter->handleRequest(NULL, Object(Config\Cache), false)
#12 C:\xampp\htdocs\City_Taxi\public\index.php(37): CodeIgniter\CodeIgniter->run()
#13 C:\xampp\htdocs\City_Taxi\system\Commands\Server\rewrite.php(43): require_once('C:\\xampp\\htdocs...')
#14 {main}
CRITICAL - 2022-02-21 00:52:48 --> SQLite3::query(): Unable to prepare statement: 1, no such column: id
#0 [internal function]: CodeIgniter\Debug\Exceptions->errorHandler(2, 'SQLite3::query(...', 'C:\\xampp\\htdocs...', 116, Array)
#1 C:\xampp\htdocs\City_Taxi\system\Database\SQLite3\Connection.php(116): SQLite3->query('SELECT *\nFROM `...')
#2 C:\xampp\htdocs\City_Taxi\system\Database\BaseConnection.php(670): CodeIgniter\Database\SQLite3\Connection->execute('SELECT *\nFROM `...')
#3 C:\xampp\htdocs\City_Taxi\system\Database\BaseConnection.php(598): CodeIgniter\Database\BaseConnection->simpleQuery('SELECT *\nFROM `...')
#4 C:\xampp\htdocs\City_Taxi\system\Database\BaseBuilder.php(1455): CodeIgniter\Database\BaseConnection->query('SELECT *\nFROM `...', Array, false)
#5 C:\xampp\htdocs\City_Taxi\system\Model.php(183): CodeIgniter\Database\BaseBuilder->get()
#6 C:\xampp\htdocs\City_Taxi\system\BaseModel.php(584): CodeIgniter\Model->doFindAll(0, 0)
#7 C:\xampp\htdocs\City_Taxi\app\Controllers\UserControl.php(20): CodeIgniter\BaseModel->findAll()
#8 C:\xampp\htdocs\City_Taxi\app\Controllers\UserControl.php(12): App\Controllers\UserControl->list()
#9 C:\xampp\htdocs\City_Taxi\system\CodeIgniter.php(825): App\Controllers\UserControl->index()
#10 C:\xampp\htdocs\City_Taxi\system\CodeIgniter.php(412): CodeIgniter\CodeIgniter->runController(Object(App\Controllers\UserControl))
#11 C:\xampp\htdocs\City_Taxi\system\CodeIgniter.php(320): CodeIgniter\CodeIgniter->handleRequest(NULL, Object(Config\Cache), false)
#12 C:\xampp\htdocs\City_Taxi\public\index.php(37): CodeIgniter\CodeIgniter->run()
#13 C:\xampp\htdocs\City_Taxi\system\Commands\Server\rewrite.php(43): require_once('C:\\xampp\\htdocs...')
#14 {main}
ERROR - 2022-02-21 00:53:09 --> ErrorException: SQLite3::query(): Unable to prepare statement: 1, no such column: id in C:\xampp\htdocs\City_Taxi\system\Database\SQLite3\Connection.php:116
Stack trace:
#0 [internal function]: CodeIgniter\Debug\Exceptions->errorHandler(2, 'SQLite3::query(...', 'C:\\xampp\\htdocs...', 116, Array)
#1 C:\xampp\htdocs\City_Taxi\system\Database\SQLite3\Connection.php(116): SQLite3->query('SELECT *\nFROM `...')
#2 C:\xampp\htdocs\City_Taxi\system\Database\BaseConnection.php(670): CodeIgniter\Database\SQLite3\Connection->execute('SELECT *\nFROM `...')
#3 C:\xampp\htdocs\City_Taxi\system\Database\BaseConnection.php(598): CodeIgniter\Database\BaseConnection->simpleQuery('SELECT *\nFROM `...')
#4 C:\xampp\htdocs\City_Taxi\system\Database\BaseBuilder.php(1455): CodeIgniter\Database\BaseConnection->query('SELECT *\nFROM `...', Array, false)
#5 C:\xampp\htdocs\City_Taxi\system\Model.php(183): CodeIgniter\Database\BaseBuilder->get()
#6 C:\xampp\htdocs\City_Taxi\system\BaseModel.php(584): CodeIgniter\Model->doFindAll(0, 0)
#7 C:\xampp\htdocs\City_Taxi\app\Controllers\UserControl.php(20): CodeIgniter\BaseModel->findAll()
#8 C:\xampp\htdocs\City_Taxi\app\Controllers\UserControl.php(12): App\Controllers\UserControl->list()
#9 C:\xampp\htdocs\City_Taxi\system\CodeIgniter.php(825): App\Controllers\UserControl->index()
#10 C:\xampp\htdocs\City_Taxi\system\CodeIgniter.php(412): CodeIgniter\CodeIgniter->runController(Object(App\Controllers\UserControl))
#11 C:\xampp\htdocs\City_Taxi\system\CodeIgniter.php(320): CodeIgniter\CodeIgniter->handleRequest(NULL, Object(Config\Cache), false)
#12 C:\xampp\htdocs\City_Taxi\public\index.php(37): CodeIgniter\CodeIgniter->run()
#13 C:\xampp\htdocs\City_Taxi\system\Commands\Server\rewrite.php(43): require_once('C:\\xampp\\htdocs...')
#14 {main}
CRITICAL - 2022-02-21 00:53:09 --> SQLite3::query(): Unable to prepare statement: 1, no such column: id
#0 [internal function]: CodeIgniter\Debug\Exceptions->errorHandler(2, 'SQLite3::query(...', 'C:\\xampp\\htdocs...', 116, Array)
#1 C:\xampp\htdocs\City_Taxi\system\Database\SQLite3\Connection.php(116): SQLite3->query('SELECT *\nFROM `...')
#2 C:\xampp\htdocs\City_Taxi\system\Database\BaseConnection.php(670): CodeIgniter\Database\SQLite3\Connection->execute('SELECT *\nFROM `...')
#3 C:\xampp\htdocs\City_Taxi\system\Database\BaseConnection.php(598): CodeIgniter\Database\BaseConnection->simpleQuery('SELECT *\nFROM `...')
#4 C:\xampp\htdocs\City_Taxi\system\Database\BaseBuilder.php(1455): CodeIgniter\Database\BaseConnection->query('SELECT *\nFROM `...', Array, false)
#5 C:\xampp\htdocs\City_Taxi\system\Model.php(183): CodeIgniter\Database\BaseBuilder->get()
#6 C:\xampp\htdocs\City_Taxi\system\BaseModel.php(584): CodeIgniter\Model->doFindAll(0, 0)
#7 C:\xampp\htdocs\City_Taxi\app\Controllers\UserControl.php(20): CodeIgniter\BaseModel->findAll()
#8 C:\xampp\htdocs\City_Taxi\app\Controllers\UserControl.php(12): App\Controllers\UserControl->list()
#9 C:\xampp\htdocs\City_Taxi\system\CodeIgniter.php(825): App\Controllers\UserControl->index()
#10 C:\xampp\htdocs\City_Taxi\system\CodeIgniter.php(412): CodeIgniter\CodeIgniter->runController(Object(App\Controllers\UserControl))
#11 C:\xampp\htdocs\City_Taxi\system\CodeIgniter.php(320): CodeIgniter\CodeIgniter->handleRequest(NULL, Object(Config\Cache), false)
#12 C:\xampp\htdocs\City_Taxi\public\index.php(37): CodeIgniter\CodeIgniter->run()
#13 C:\xampp\htdocs\City_Taxi\system\Commands\Server\rewrite.php(43): require_once('C:\\xampp\\htdocs...')
#14 {main}
ERROR - 2022-02-21 00:54:11 --> ErrorException: SQLite3::query(): Unable to prepare statement: 1, no such column: id in C:\xampp\htdocs\City_Taxi\system\Database\SQLite3\Connection.php:116
Stack trace:
#0 [internal function]: CodeIgniter\Debug\Exceptions->errorHandler(2, 'SQLite3::query(...', 'C:\\xampp\\htdocs...', 116, Array)
#1 C:\xampp\htdocs\City_Taxi\system\Database\SQLite3\Connection.php(116): SQLite3->query('SELECT *\nFROM `...')
#2 C:\xampp\htdocs\City_Taxi\system\Database\BaseConnection.php(670): CodeIgniter\Database\SQLite3\Connection->execute('SELECT *\nFROM `...')
#3 C:\xampp\htdocs\City_Taxi\system\Database\BaseConnection.php(598): CodeIgniter\Database\BaseConnection->simpleQuery('SELECT *\nFROM `...')
#4 C:\xampp\htdocs\City_Taxi\system\Database\BaseBuilder.php(1455): CodeIgniter\Database\BaseConnection->query('SELECT *\nFROM `...', Array, false)
#5 C:\xampp\htdocs\City_Taxi\system\Model.php(183): CodeIgniter\Database\BaseBuilder->get()
#6 C:\xampp\htdocs\City_Taxi\system\BaseModel.php(584): CodeIgniter\Model->doFindAll(0, 0)
#7 C:\xampp\htdocs\City_Taxi\app\Controllers\UserControl.php(21): CodeIgniter\BaseModel->findAll()
#8 C:\xampp\htdocs\City_Taxi\app\Controllers\UserControl.php(13): App\Controllers\UserControl->list()
#9 C:\xampp\htdocs\City_Taxi\system\CodeIgniter.php(825): App\Controllers\UserControl->index()
#10 C:\xampp\htdocs\City_Taxi\system\CodeIgniter.php(412): CodeIgniter\CodeIgniter->runController(Object(App\Controllers\UserControl))
#11 C:\xampp\htdocs\City_Taxi\system\CodeIgniter.php(320): CodeIgniter\CodeIgniter->handleRequest(NULL, Object(Config\Cache), false)
#12 C:\xampp\htdocs\City_Taxi\public\index.php(37): CodeIgniter\CodeIgniter->run()
#13 C:\xampp\htdocs\City_Taxi\system\Commands\Server\rewrite.php(43): require_once('C:\\xampp\\htdocs...')
#14 {main}
CRITICAL - 2022-02-21 00:54:11 --> SQLite3::query(): Unable to prepare statement: 1, no such column: id
#0 [internal function]: CodeIgniter\Debug\Exceptions->errorHandler(2, 'SQLite3::query(...', 'C:\\xampp\\htdocs...', 116, Array)
#1 C:\xampp\htdocs\City_Taxi\system\Database\SQLite3\Connection.php(116): SQLite3->query('SELECT *\nFROM `...')
#2 C:\xampp\htdocs\City_Taxi\system\Database\BaseConnection.php(670): CodeIgniter\Database\SQLite3\Connection->execute('SELECT *\nFROM `...')
#3 C:\xampp\htdocs\City_Taxi\system\Database\BaseConnection.php(598): CodeIgniter\Database\BaseConnection->simpleQuery('SELECT *\nFROM `...')
#4 C:\xampp\htdocs\City_Taxi\system\Database\BaseBuilder.php(1455): CodeIgniter\Database\BaseConnection->query('SELECT *\nFROM `...', Array, false)
#5 C:\xampp\htdocs\City_Taxi\system\Model.php(183): CodeIgniter\Database\BaseBuilder->get()
#6 C:\xampp\htdocs\City_Taxi\system\BaseModel.php(584): CodeIgniter\Model->doFindAll(0, 0)
#7 C:\xampp\htdocs\City_Taxi\app\Controllers\UserControl.php(21): CodeIgniter\BaseModel->findAll()
#8 C:\xampp\htdocs\City_Taxi\app\Controllers\UserControl.php(13): App\Controllers\UserControl->list()
#9 C:\xampp\htdocs\City_Taxi\system\CodeIgniter.php(825): App\Controllers\UserControl->index()
#10 C:\xampp\htdocs\City_Taxi\system\CodeIgniter.php(412): CodeIgniter\CodeIgniter->runController(Object(App\Controllers\UserControl))
#11 C:\xampp\htdocs\City_Taxi\system\CodeIgniter.php(320): CodeIgniter\CodeIgniter->handleRequest(NULL, Object(Config\Cache), false)
#12 C:\xampp\htdocs\City_Taxi\public\index.php(37): CodeIgniter\CodeIgniter->run()
#13 C:\xampp\htdocs\City_Taxi\system\Commands\Server\rewrite.php(43): require_once('C:\\xampp\\htdocs...')
#14 {main}
ERROR - 2022-02-21 00:56:21 --> ErrorException: SQLite3::query(): Unable to prepare statement: 1, no such column: id in C:\xampp\htdocs\City_Taxi\system\Database\SQLite3\Connection.php:116
Stack trace:
#0 [internal function]: CodeIgniter\Debug\Exceptions->errorHandler(2, 'SQLite3::query(...', 'C:\\xampp\\htdocs...', 116, Array)
#1 C:\xampp\htdocs\City_Taxi\system\Database\SQLite3\Connection.php(116): SQLite3->query('SELECT *\nFROM `...')
#2 C:\xampp\htdocs\City_Taxi\system\Database\BaseConnection.php(670): CodeIgniter\Database\SQLite3\Connection->execute('SELECT *\nFROM `...')
#3 C:\xampp\htdocs\City_Taxi\system\Database\BaseConnection.php(598): CodeIgniter\Database\BaseConnection->simpleQuery('SELECT *\nFROM `...')
#4 C:\xampp\htdocs\City_Taxi\system\Database\BaseBuilder.php(1455): CodeIgniter\Database\BaseConnection->query('SELECT *\nFROM `...', Array, false)
#5 C:\xampp\htdocs\City_Taxi\system\Model.php(183): CodeIgniter\Database\BaseBuilder->get()
#6 C:\xampp\htdocs\City_Taxi\system\BaseModel.php(584): CodeIgniter\Model->doFindAll(0, 0)
#7 C:\xampp\htdocs\City_Taxi\app\Controllers\UserControl.php(21): CodeIgniter\BaseModel->findAll()
#8 C:\xampp\htdocs\City_Taxi\app\Controllers\UserControl.php(13): App\Controllers\UserControl->list()
#9 C:\xampp\htdocs\City_Taxi\system\CodeIgniter.php(825): App\Controllers\UserControl->index()
#10 C:\xampp\htdocs\City_Taxi\system\CodeIgniter.php(412): CodeIgniter\CodeIgniter->runController(Object(App\Controllers\UserControl))
#11 C:\xampp\htdocs\City_Taxi\system\CodeIgniter.php(320): CodeIgniter\CodeIgniter->handleRequest(NULL, Object(Config\Cache), false)
#12 C:\xampp\htdocs\City_Taxi\public\index.php(37): CodeIgniter\CodeIgniter->run()
#13 C:\xampp\htdocs\City_Taxi\system\Commands\Server\rewrite.php(43): require_once('C:\\xampp\\htdocs...')
#14 {main}
CRITICAL - 2022-02-21 00:56:21 --> SQLite3::query(): Unable to prepare statement: 1, no such column: id
#0 [internal function]: CodeIgniter\Debug\Exceptions->errorHandler(2, 'SQLite3::query(...', 'C:\\xampp\\htdocs...', 116, Array)
#1 C:\xampp\htdocs\City_Taxi\system\Database\SQLite3\Connection.php(116): SQLite3->query('SELECT *\nFROM `...')
#2 C:\xampp\htdocs\City_Taxi\system\Database\BaseConnection.php(670): CodeIgniter\Database\SQLite3\Connection->execute('SELECT *\nFROM `...')
#3 C:\xampp\htdocs\City_Taxi\system\Database\BaseConnection.php(598): CodeIgniter\Database\BaseConnection->simpleQuery('SELECT *\nFROM `...')
#4 C:\xampp\htdocs\City_Taxi\system\Database\BaseBuilder.php(1455): CodeIgniter\Database\BaseConnection->query('SELECT *\nFROM `...', Array, false)
#5 C:\xampp\htdocs\City_Taxi\system\Model.php(183): CodeIgniter\Database\BaseBuilder->get()
#6 C:\xampp\htdocs\City_Taxi\system\BaseModel.php(584): CodeIgniter\Model->doFindAll(0, 0)
#7 C:\xampp\htdocs\City_Taxi\app\Controllers\UserControl.php(21): CodeIgniter\BaseModel->findAll()
#8 C:\xampp\htdocs\City_Taxi\app\Controllers\UserControl.php(13): App\Controllers\UserControl->list()
#9 C:\xampp\htdocs\City_Taxi\system\CodeIgniter.php(825): App\Controllers\UserControl->index()
#10 C:\xampp\htdocs\City_Taxi\system\CodeIgniter.php(412): CodeIgniter\CodeIgniter->runController(Object(App\Controllers\UserControl))
#11 C:\xampp\htdocs\City_Taxi\system\CodeIgniter.php(320): CodeIgniter\CodeIgniter->handleRequest(NULL, Object(Config\Cache), false)
#12 C:\xampp\htdocs\City_Taxi\public\index.php(37): CodeIgniter\CodeIgniter->run()
#13 C:\xampp\htdocs\City_Taxi\system\Commands\Server\rewrite.php(43): require_once('C:\\xampp\\htdocs...')
#14 {main}
ERROR - 2022-02-21 00:57:41 --> ErrorException: SQLite3::query(): Unable to prepare statement: 1, no such column: id in C:\xampp\htdocs\City_Taxi\system\Database\SQLite3\Connection.php:116
Stack trace:
#0 [internal function]: CodeIgniter\Debug\Exceptions->errorHandler(2, 'SQLite3::query(...', 'C:\\xampp\\htdocs...', 116, Array)
#1 C:\xampp\htdocs\City_Taxi\system\Database\SQLite3\Connection.php(116): SQLite3->query('SELECT *\nFROM `...')
#2 C:\xampp\htdocs\City_Taxi\system\Database\BaseConnection.php(670): CodeIgniter\Database\SQLite3\Connection->execute('SELECT *\nFROM `...')
#3 C:\xampp\htdocs\City_Taxi\system\Database\BaseConnection.php(598): CodeIgniter\Database\BaseConnection->simpleQuery('SELECT *\nFROM `...')
#4 C:\xampp\htdocs\City_Taxi\system\Database\BaseBuilder.php(1455): CodeIgniter\Database\BaseConnection->query('SELECT *\nFROM `...', Array, false)
#5 C:\xampp\htdocs\City_Taxi\system\Model.php(183): CodeIgniter\Database\BaseBuilder->get()
#6 C:\xampp\htdocs\City_Taxi\system\BaseModel.php(584): CodeIgniter\Model->doFindAll(0, 0)
#7 C:\xampp\htdocs\City_Taxi\app\Controllers\UserControl.php(21): CodeIgniter\BaseModel->findAll()
#8 C:\xampp\htdocs\City_Taxi\app\Controllers\UserControl.php(13): App\Controllers\UserControl->list()
#9 C:\xampp\htdocs\City_Taxi\system\CodeIgniter.php(825): App\Controllers\UserControl->index()
#10 C:\xampp\htdocs\City_Taxi\system\CodeIgniter.php(412): CodeIgniter\CodeIgniter->runController(Object(App\Controllers\UserControl))
#11 C:\xampp\htdocs\City_Taxi\system\CodeIgniter.php(320): CodeIgniter\CodeIgniter->handleRequest(NULL, Object(Config\Cache), false)
#12 C:\xampp\htdocs\City_Taxi\public\index.php(37): CodeIgniter\CodeIgniter->run()
#13 C:\xampp\htdocs\City_Taxi\system\Commands\Server\rewrite.php(43): require_once('C:\\xampp\\htdocs...')
#14 {main}
CRITICAL - 2022-02-21 00:57:41 --> SQLite3::query(): Unable to prepare statement: 1, no such column: id
#0 [internal function]: CodeIgniter\Debug\Exceptions->errorHandler(2, 'SQLite3::query(...', 'C:\\xampp\\htdocs...', 116, Array)
#1 C:\xampp\htdocs\City_Taxi\system\Database\SQLite3\Connection.php(116): SQLite3->query('SELECT *\nFROM `...')
#2 C:\xampp\htdocs\City_Taxi\system\Database\BaseConnection.php(670): CodeIgniter\Database\SQLite3\Connection->execute('SELECT *\nFROM `...')
#3 C:\xampp\htdocs\City_Taxi\system\Database\BaseConnection.php(598): CodeIgniter\Database\BaseConnection->simpleQuery('SELECT *\nFROM `...')
#4 C:\xampp\htdocs\City_Taxi\system\Database\BaseBuilder.php(1455): CodeIgniter\Database\BaseConnection->query('SELECT *\nFROM `...', Array, false)
#5 C:\xampp\htdocs\City_Taxi\system\Model.php(183): CodeIgniter\Database\BaseBuilder->get()
#6 C:\xampp\htdocs\City_Taxi\system\BaseModel.php(584): CodeIgniter\Model->doFindAll(0, 0)
#7 C:\xampp\htdocs\City_Taxi\app\Controllers\UserControl.php(21): CodeIgniter\BaseModel->findAll()
#8 C:\xampp\htdocs\City_Taxi\app\Controllers\UserControl.php(13): App\Controllers\UserControl->list()
#9 C:\xampp\htdocs\City_Taxi\system\CodeIgniter.php(825): App\Controllers\UserControl->index()
#10 C:\xampp\htdocs\City_Taxi\system\CodeIgniter.php(412): CodeIgniter\CodeIgniter->runController(Object(App\Controllers\UserControl))
#11 C:\xampp\htdocs\City_Taxi\system\CodeIgniter.php(320): CodeIgniter\CodeIgniter->handleRequest(NULL, Object(Config\Cache), false)
#12 C:\xampp\htdocs\City_Taxi\public\index.php(37): CodeIgniter\CodeIgniter->run()
#13 C:\xampp\htdocs\City_Taxi\system\Commands\Server\rewrite.php(43): require_once('C:\\xampp\\htdocs...')
#14 {main}
CRITICAL - 2022-02-21 00:58:18 --> Undefined index: id
#0 C:\xampp\htdocs\City_Taxi\app\Views\Admin\userList.php(16): CodeIgniter\Debug\Exceptions->errorHandler(8, 'Undefined index...', 'C:\\xampp\\htdocs...', 16, Array)
#1 C:\xampp\htdocs\City_Taxi\system\View\View.php(210): include('C:\\xampp\\htdocs...')
#2 C:\xampp\htdocs\City_Taxi\system\View\View.php(213): CodeIgniter\View\View->CodeIgniter\View\{closure}()
#3 C:\xampp\htdocs\City_Taxi\system\Common.php(1089): CodeIgniter\View\View->render('Admin/userList....', Array, true)
#4 C:\xampp\htdocs\City_Taxi\app\Controllers\UserControl.php(22): view('Admin/userList....', Array)
#5 C:\xampp\htdocs\City_Taxi\app\Controllers\UserControl.php(13): App\Controllers\UserControl->list()
#6 C:\xampp\htdocs\City_Taxi\system\CodeIgniter.php(825): App\Controllers\UserControl->index()
#7 C:\xampp\htdocs\City_Taxi\system\CodeIgniter.php(412): CodeIgniter\CodeIgniter->runController(Object(App\Controllers\UserControl))
#8 C:\xampp\htdocs\City_Taxi\system\CodeIgniter.php(320): CodeIgniter\CodeIgniter->handleRequest(NULL, Object(Config\Cache), false)
#9 C:\xampp\htdocs\City_Taxi\public\index.php(37): CodeIgniter\CodeIgniter->run()
#10 C:\xampp\htdocs\City_Taxi\system\Commands\Server\rewrite.php(43): require_once('C:\\xampp\\htdocs...')
#11 {main}
CRITICAL - 2022-02-21 04:13:29 --> Call to undefined method App\Models\UserModel::getRecords
#0 C:\xampp\htdocs\City_Taxi\app\Controllers\UserControl.php(25): CodeIgniter\Model->__call('getRecords', Array)
#1 C:\xampp\htdocs\City_Taxi\app\Controllers\UserControl.php(13): App\Controllers\UserControl->list()
#2 C:\xampp\htdocs\City_Taxi\system\CodeIgniter.php(825): App\Controllers\UserControl->index()
#3 C:\xampp\htdocs\City_Taxi\system\CodeIgniter.php(412): CodeIgniter\CodeIgniter->runController(Object(App\Controllers\UserControl))
#4 C:\xampp\htdocs\City_Taxi\system\CodeIgniter.php(320): CodeIgniter\CodeIgniter->handleRequest(NULL, Object(Config\Cache), false)
#5 C:\xampp\htdocs\City_Taxi\public\index.php(37): CodeIgniter\CodeIgniter->run()
#6 C:\xampp\htdocs\City_Taxi\system\Commands\Server\rewrite.php(43): require_once('C:\\xampp\\htdocs...')
#7 {main}
CRITICAL - 2022-02-21 04:13:58 --> Call to undefined method App\Models\UserModel::getRecords
#0 C:\xampp\htdocs\City_Taxi\app\Controllers\UserControl.php(24): CodeIgniter\Model->__call('getRecords', Array)
#1 C:\xampp\htdocs\City_Taxi\app\Controllers\UserControl.php(13): App\Controllers\UserControl->list()
#2 C:\xampp\htdocs\City_Taxi\system\CodeIgniter.php(825): App\Controllers\UserControl->index()
#3 C:\xampp\htdocs\City_Taxi\system\CodeIgniter.php(412): CodeIgniter\CodeIgniter->runController(Object(App\Controllers\UserControl))
#4 C:\xampp\htdocs\City_Taxi\system\CodeIgniter.php(320): CodeIgniter\CodeIgniter->handleRequest(NULL, Object(Config\Cache), false)
#5 C:\xampp\htdocs\City_Taxi\public\index.php(37): CodeIgniter\CodeIgniter->run()
#6 C:\xampp\htdocs\City_Taxi\system\Commands\Server\rewrite.php(43): require_once('C:\\xampp\\htdocs...')
#7 {main}
CRITICAL - 2022-02-21 04:15:58 --> Call to undefined method App\Models\UserModel::getRecords
#0 C:\xampp\htdocs\City_Taxi\app\Controllers\UserControl.php(24): CodeIgniter\Model->__call('getRecords', Array)
#1 C:\xampp\htdocs\City_Taxi\app\Controllers\UserControl.php(13): App\Controllers\UserControl->list()
#2 C:\xampp\htdocs\City_Taxi\system\CodeIgniter.php(825): App\Controllers\UserControl->index()
#3 C:\xampp\htdocs\City_Taxi\system\CodeIgniter.php(412): CodeIgniter\CodeIgniter->runController(Object(App\Controllers\UserControl))
#4 C:\xampp\htdocs\City_Taxi\system\CodeIgniter.php(320): CodeIgniter\CodeIgniter->handleRequest(NULL, Object(Config\Cache), false)
#5 C:\xampp\htdocs\City_Taxi\public\index.php(37): CodeIgniter\CodeIgniter->run()
#6 C:\xampp\htdocs\City_Taxi\system\Commands\Server\rewrite.php(43): require_once('C:\\xampp\\htdocs...')
#7 {main}
CRITICAL - 2022-02-21 04:20:24 --> Call to undefined method App\Models\UserModel::getRecords
#0 C:\xampp\htdocs\City_Taxi\app\Controllers\UserControl.php(18): CodeIgniter\Model->__call('getRecords', Array)
#1 C:\xampp\htdocs\City_Taxi\system\CodeIgniter.php(825): App\Controllers\UserControl->index()
#2 C:\xampp\htdocs\City_Taxi\system\CodeIgniter.php(412): CodeIgniter\CodeIgniter->runController(Object(App\Controllers\UserControl))
#3 C:\xampp\htdocs\City_Taxi\system\CodeIgniter.php(320): CodeIgniter\CodeIgniter->handleRequest(NULL, Object(Config\Cache), false)
#4 C:\xampp\htdocs\City_Taxi\public\index.php(37): CodeIgniter\CodeIgniter->run()
#5 C:\xampp\htdocs\City_Taxi\system\Commands\Server\rewrite.php(43): require_once('C:\\xampp\\htdocs...')
#6 {main}
CRITICAL - 2022-02-21 04:20:40 --> Call to undefined method App\Models\UserModel::getRecords
#0 C:\xampp\htdocs\City_Taxi\app\Controllers\UserControl.php(18): CodeIgniter\Model->__call('getRecords', Array)
#1 C:\xampp\htdocs\City_Taxi\system\CodeIgniter.php(825): App\Controllers\UserControl->index()
#2 C:\xampp\htdocs\City_Taxi\system\CodeIgniter.php(412): CodeIgniter\CodeIgniter->runController(Object(App\Controllers\UserControl))
#3 C:\xampp\htdocs\City_Taxi\system\CodeIgniter.php(320): CodeIgniter\CodeIgniter->handleRequest(NULL, Object(Config\Cache), false)
#4 C:\xampp\htdocs\City_Taxi\public\index.php(37): CodeIgniter\CodeIgniter->run()
#5 C:\xampp\htdocs\City_Taxi\system\Commands\Server\rewrite.php(43): require_once('C:\\xampp\\htdocs...')
#6 {main}
CRITICAL - 2022-02-21 04:22:00 --> Call to undefined method App\Models\UserModel::getRecords
#0 C:\xampp\htdocs\City_Taxi\app\Controllers\UserControl.php(18): CodeIgniter\Model->__call('getRecords', Array)
#1 C:\xampp\htdocs\City_Taxi\system\CodeIgniter.php(825): App\Controllers\UserControl->index()
#2 C:\xampp\htdocs\City_Taxi\system\CodeIgniter.php(412): CodeIgniter\CodeIgniter->runController(Object(App\Controllers\UserControl))
#3 C:\xampp\htdocs\City_Taxi\system\CodeIgniter.php(320): CodeIgniter\CodeIgniter->handleRequest(NULL, Object(Config\Cache), false)
#4 C:\xampp\htdocs\City_Taxi\public\index.php(37): CodeIgniter\CodeIgniter->run()
#5 C:\xampp\htdocs\City_Taxi\system\Commands\Server\rewrite.php(43): require_once('C:\\xampp\\htdocs...')
#6 {main}
CRITICAL - 2022-02-21 04:24:54 --> Call to undefined method App\Models\UserModel::getRecords
#0 C:\xampp\htdocs\City_Taxi\app\Controllers\UserControl.php(19): CodeIgniter\Model->__call('getRecords', Array)
#1 C:\xampp\htdocs\City_Taxi\system\CodeIgniter.php(825): App\Controllers\UserControl->index()
#2 C:\xampp\htdocs\City_Taxi\system\CodeIgniter.php(412): CodeIgniter\CodeIgniter->runController(Object(App\Controllers\UserControl))
#3 C:\xampp\htdocs\City_Taxi\system\CodeIgniter.php(320): CodeIgniter\CodeIgniter->handleRequest(NULL, Object(Config\Cache), false)
#4 C:\xampp\htdocs\City_Taxi\public\index.php(37): CodeIgniter\CodeIgniter->run()
#5 C:\xampp\htdocs\City_Taxi\system\Commands\Server\rewrite.php(43): require_once('C:\\xampp\\htdocs...')
#6 {main}
CRITICAL - 2022-02-21 04:32:34 --> Call to undefined method App\Models\UserModel::getRecords
#0 C:\xampp\htdocs\City_Taxi\app\Controllers\UserControl.php(19): CodeIgniter\Model->__call('getRecords', Array)
#1 C:\xampp\htdocs\City_Taxi\system\CodeIgniter.php(825): App\Controllers\UserControl->index()
#2 C:\xampp\htdocs\City_Taxi\system\CodeIgniter.php(412): CodeIgniter\CodeIgniter->runController(Object(App\Controllers\UserControl))
#3 C:\xampp\htdocs\City_Taxi\system\CodeIgniter.php(320): CodeIgniter\CodeIgniter->handleRequest(NULL, Object(Config\Cache), false)
#4 C:\xampp\htdocs\City_Taxi\public\index.php(37): CodeIgniter\CodeIgniter->run()
#5 C:\xampp\htdocs\City_Taxi\system\Commands\Server\rewrite.php(43): require_once('C:\\xampp\\htdocs...')
#6 {main}
CRITICAL - 2022-02-21 04:34:02 --> Call to undefined method App\Models\UserModel::getRecords
#0 C:\xampp\htdocs\City_Taxi\app\Controllers\UserControl.php(19): CodeIgniter\Model->__call('getRecords', Array)
#1 C:\xampp\htdocs\City_Taxi\system\CodeIgniter.php(825): App\Controllers\UserControl->index()
#2 C:\xampp\htdocs\City_Taxi\system\CodeIgniter.php(412): CodeIgniter\CodeIgniter->runController(Object(App\Controllers\UserControl))
#3 C:\xampp\htdocs\City_Taxi\system\CodeIgniter.php(320): CodeIgniter\CodeIgniter->handleRequest(NULL, Object(Config\Cache), false)
#4 C:\xampp\htdocs\City_Taxi\public\index.php(37): CodeIgniter\CodeIgniter->run()
#5 C:\xampp\htdocs\City_Taxi\system\Commands\Server\rewrite.php(43): require_once('C:\\xampp\\htdocs...')
#6 {main}
CRITICAL - 2022-02-21 04:35:48 --> Call to undefined method App\Models\UserModel::getRecords
#0 C:\xampp\htdocs\City_Taxi\app\Controllers\UserControl.php(19): CodeIgniter\Model->__call('getRecords', Array)
#1 C:\xampp\htdocs\City_Taxi\system\CodeIgniter.php(825): App\Controllers\UserControl->index()
#2 C:\xampp\htdocs\City_Taxi\system\CodeIgniter.php(412): CodeIgniter\CodeIgniter->runController(Object(App\Controllers\UserControl))
#3 C:\xampp\htdocs\City_Taxi\system\CodeIgniter.php(320): CodeIgniter\CodeIgniter->handleRequest(NULL, Object(Config\Cache), false)
#4 C:\xampp\htdocs\City_Taxi\public\index.php(37): CodeIgniter\CodeIgniter->run()
#5 C:\xampp\htdocs\City_Taxi\system\Commands\Server\rewrite.php(43): require_once('C:\\xampp\\htdocs...')
#6 {main}
CRITICAL - 2022-02-21 05:11:59 --> Call to undefined method App\Models\UserModel::getRecords
#0 C:\xampp\htdocs\City_Taxi\app\Controllers\UserControl.php(19): CodeIgniter\Model->__call('getRecords', Array)
#1 C:\xampp\htdocs\City_Taxi\system\CodeIgniter.php(825): App\Controllers\UserControl->index()
#2 C:\xampp\htdocs\City_Taxi\system\CodeIgniter.php(412): CodeIgniter\CodeIgniter->runController(Object(App\Controllers\UserControl))
#3 C:\xampp\htdocs\City_Taxi\system\CodeIgniter.php(320): CodeIgniter\CodeIgniter->handleRequest(NULL, Object(Config\Cache), false)
#4 C:\xampp\htdocs\City_Taxi\public\index.php(37): CodeIgniter\CodeIgniter->run()
#5 C:\xampp\htdocs\City_Taxi\system\Commands\Server\rewrite.php(43): require_once('C:\\xampp\\htdocs...')
#6 {main}
CRITICAL - 2022-02-21 05:17:31 --> Call to undefined method App\Models\UserModel::getRecords
#0 C:\xampp\htdocs\City_Taxi\app\Controllers\UserControl.php(19): CodeIgniter\Model->__call('getRecords', Array)
#1 C:\xampp\htdocs\City_Taxi\system\CodeIgniter.php(825): App\Controllers\UserControl->index()
#2 C:\xampp\htdocs\City_Taxi\system\CodeIgniter.php(412): CodeIgniter\CodeIgniter->runController(Object(App\Controllers\UserControl))
#3 C:\xampp\htdocs\City_Taxi\system\CodeIgniter.php(320): CodeIgniter\CodeIgniter->handleRequest(NULL, Object(Config\Cache), false)
#4 C:\xampp\htdocs\City_Taxi\public\index.php(37): CodeIgniter\CodeIgniter->run()
#5 C:\xampp\htdocs\City_Taxi\system\Commands\Server\rewrite.php(43): require_once('C:\\xampp\\htdocs...')
#6 {main}
