CRITICAL - 2022-03-04 00:05:05 --> Undefined variable: drivers
#0 C:\xampp\htdocs\City_Taxi\app\Views\Admin\vList.php(166): CodeIgniter\Debug\Exceptions->errorHandler(8, 'Undefined varia...', 'C:\\xampp\\htdocs...', 166, Array)
#1 C:\xampp\htdocs\City_Taxi\system\View\View.php(210): include('C:\\xampp\\htdocs...')
#2 C:\xampp\htdocs\City_Taxi\system\View\View.php(213): CodeIgniter\View\View->CodeIgniter\View\{closure}()
#3 C:\xampp\htdocs\City_Taxi\system\Common.php(1089): CodeIgniter\View\View->render('Admin/vList.php', Array, true)
#4 C:\xampp\htdocs\City_Taxi\app\Controllers\VehicleControl.php(48): view('Admin/vList.php', Array)
#5 C:\xampp\htdocs\City_Taxi\system\CodeIgniter.php(825): App\Controllers\VehicleControl->index()
#6 C:\xampp\htdocs\City_Taxi\system\CodeIgniter.php(412): CodeIgniter\CodeIgniter->runController(Object(App\Controllers\VehicleControl))
#7 C:\xampp\htdocs\City_Taxi\system\CodeIgniter.php(320): CodeIgniter\CodeIgniter->handleRequest(NULL, Object(Config\Cache), false)
#8 C:\xampp\htdocs\City_Taxi\public\index.php(37): CodeIgniter\CodeIgniter->run()
#9 C:\xampp\htdocs\City_Taxi\system\Commands\Server\rewrite.php(43): require_once('C:\\xampp\\htdocs...')
#10 {main}
CRITICAL - 2022-03-04 00:15:14 --> Undefined variable: drivers
#0 C:\xampp\htdocs\City_Taxi\app\Views\Admin\vList.php(166): CodeIgniter\Debug\Exceptions->errorHandler(8, 'Undefined varia...', 'C:\\xampp\\htdocs...', 166, Array)
#1 C:\xampp\htdocs\City_Taxi\system\View\View.php(210): include('C:\\xampp\\htdocs...')
#2 C:\xampp\htdocs\City_Taxi\system\View\View.php(213): CodeIgniter\View\View->CodeIgniter\View\{closure}()
#3 C:\xampp\htdocs\City_Taxi\system\Common.php(1089): CodeIgniter\View\View->render('Admin/vList.php', Array, true)
#4 C:\xampp\htdocs\City_Taxi\app\Controllers\VehicleControl.php(48): view('Admin/vList.php', Array)
#5 C:\xampp\htdocs\City_Taxi\system\CodeIgniter.php(825): App\Controllers\VehicleControl->index()
#6 C:\xampp\htdocs\City_Taxi\system\CodeIgniter.php(412): CodeIgniter\CodeIgniter->runController(Object(App\Controllers\VehicleControl))
#7 C:\xampp\htdocs\City_Taxi\system\CodeIgniter.php(320): CodeIgniter\CodeIgniter->handleRequest(NULL, Object(Config\Cache), false)
#8 C:\xampp\htdocs\City_Taxi\public\index.php(37): CodeIgniter\CodeIgniter->run()
#9 C:\xampp\htdocs\City_Taxi\system\Commands\Server\rewrite.php(43): require_once('C:\\xampp\\htdocs...')
#10 {main}
ERROR - 2022-03-04 13:25:23 --> Email: sendWithSmtp throwed fsockopen(): unable to connect to smtp.gmail.com:587 (A connection attempt failed because the connected party did not properly respond after a period of time, or established connection failed because connected host has failed to respond.
)
CRITICAL - 2022-03-04 13:25:23 --> Undefined property: App\Controllers\Users::$email
#0 C:\xampp\htdocs\City_Taxi\app\Controllers\Users.php(248): CodeIgniter\Debug\Exceptions->errorHandler(8, 'Undefined prope...', 'C:\\xampp\\htdocs...', 248, Array)
#1 C:\xampp\htdocs\City_Taxi\app\Controllers\Users.php(184): App\Controllers\Users->sendEmail(Array)
#2 C:\xampp\htdocs\City_Taxi\system\CodeIgniter.php(825): App\Controllers\Users->register()
#3 C:\xampp\htdocs\City_Taxi\system\CodeIgniter.php(412): CodeIgniter\CodeIgniter->runController(Object(App\Controllers\Users))
#4 C:\xampp\htdocs\City_Taxi\system\CodeIgniter.php(320): CodeIgniter\CodeIgniter->handleRequest(NULL, Object(Config\Cache), false)
#5 C:\xampp\htdocs\City_Taxi\public\index.php(37): CodeIgniter\CodeIgniter->run()
#6 C:\xampp\htdocs\City_Taxi\system\Commands\Server\rewrite.php(43): require_once('C:\\xampp\\htdocs...')
#7 {main}
CRITICAL - 2022-03-04 14:10:44 --> Array to string conversion
#0 C:\xampp\htdocs\City_Taxi\app\Views\Admin\login.php(82): CodeIgniter\Debug\Exceptions->errorHandler(8, 'Array to string...', 'C:\\xampp\\htdocs...', 82, Array)
#1 C:\xampp\htdocs\City_Taxi\system\View\View.php(210): include('C:\\xampp\\htdocs...')
#2 C:\xampp\htdocs\City_Taxi\system\View\View.php(213): CodeIgniter\View\View->CodeIgniter\View\{closure}()
#3 C:\xampp\htdocs\City_Taxi\system\Common.php(1089): CodeIgniter\View\View->render('Admin/login', Array, true)
#4 C:\xampp\htdocs\City_Taxi\app\Controllers\Users.php(77): view('Admin/login', Array)
#5 C:\xampp\htdocs\City_Taxi\system\CodeIgniter.php(825): App\Controllers\Users->index()
#6 C:\xampp\htdocs\City_Taxi\system\CodeIgniter.php(412): CodeIgniter\CodeIgniter->runController(Object(App\Controllers\Users))
#7 C:\xampp\htdocs\City_Taxi\system\CodeIgniter.php(320): CodeIgniter\CodeIgniter->handleRequest(NULL, Object(Config\Cache), false)
#8 C:\xampp\htdocs\City_Taxi\public\index.php(37): CodeIgniter\CodeIgniter->run()
#9 C:\xampp\htdocs\City_Taxi\system\Commands\Server\rewrite.php(43): require_once('C:\\xampp\\htdocs...')
#10 {main}
CRITICAL - 2022-03-04 14:13:23 --> Array to string conversion
#0 C:\xampp\htdocs\City_Taxi\app\Views\Admin\login.php(83): CodeIgniter\Debug\Exceptions->errorHandler(8, 'Array to string...', 'C:\\xampp\\htdocs...', 83, Array)
#1 C:\xampp\htdocs\City_Taxi\system\View\View.php(210): include('C:\\xampp\\htdocs...')
#2 C:\xampp\htdocs\City_Taxi\system\View\View.php(213): CodeIgniter\View\View->CodeIgniter\View\{closure}()
#3 C:\xampp\htdocs\City_Taxi\system\Common.php(1089): CodeIgniter\View\View->render('Admin/login', Array, true)
#4 C:\xampp\htdocs\City_Taxi\app\Controllers\Users.php(77): view('Admin/login', Array)
#5 C:\xampp\htdocs\City_Taxi\system\CodeIgniter.php(825): App\Controllers\Users->index()
#6 C:\xampp\htdocs\City_Taxi\system\CodeIgniter.php(412): CodeIgniter\CodeIgniter->runController(Object(App\Controllers\Users))
#7 C:\xampp\htdocs\City_Taxi\system\CodeIgniter.php(320): CodeIgniter\CodeIgniter->handleRequest(NULL, Object(Config\Cache), false)
#8 C:\xampp\htdocs\City_Taxi\public\index.php(37): CodeIgniter\CodeIgniter->run()
#9 C:\xampp\htdocs\City_Taxi\system\Commands\Server\rewrite.php(43): require_once('C:\\xampp\\htdocs...')
#10 {main}
CRITICAL - 2022-03-04 14:15:38 --> Undefined variable: data
#0 C:\xampp\htdocs\City_Taxi\app\Views\Admin\login.php(83): CodeIgniter\Debug\Exceptions->errorHandler(8, 'Undefined varia...', 'C:\\xampp\\htdocs...', 83, Array)
#1 C:\xampp\htdocs\City_Taxi\system\View\View.php(210): include('C:\\xampp\\htdocs...')
#2 C:\xampp\htdocs\City_Taxi\system\View\View.php(213): CodeIgniter\View\View->CodeIgniter\View\{closure}()
#3 C:\xampp\htdocs\City_Taxi\system\Common.php(1089): CodeIgniter\View\View->render('Admin/login', Array, true)
#4 C:\xampp\htdocs\City_Taxi\app\Controllers\Users.php(77): view('Admin/login', Array)
#5 C:\xampp\htdocs\City_Taxi\system\CodeIgniter.php(825): App\Controllers\Users->index()
#6 C:\xampp\htdocs\City_Taxi\system\CodeIgniter.php(412): CodeIgniter\CodeIgniter->runController(Object(App\Controllers\Users))
#7 C:\xampp\htdocs\City_Taxi\system\CodeIgniter.php(320): CodeIgniter\CodeIgniter->handleRequest(NULL, Object(Config\Cache), false)
#8 C:\xampp\htdocs\City_Taxi\public\index.php(37): CodeIgniter\CodeIgniter->run()
#9 C:\xampp\htdocs\City_Taxi\system\Commands\Server\rewrite.php(43): require_once('C:\\xampp\\htdocs...')
#10 {main}
CRITICAL - 2022-03-04 14:18:54 --> Invalid file: login.php
#0 C:\xampp\htdocs\City_Taxi\system\View\View.php(198): CodeIgniter\Exceptions\FrameworkException::forInvalidFile('login.php')
#1 C:\xampp\htdocs\City_Taxi\system\Common.php(1089): CodeIgniter\View\View->render('login', Array, true)
#2 C:\xampp\htdocs\City_Taxi\app\Controllers\Users.php(194): view('login', Array)
#3 C:\xampp\htdocs\City_Taxi\system\CodeIgniter.php(825): App\Controllers\Users->register()
#4 C:\xampp\htdocs\City_Taxi\system\CodeIgniter.php(412): CodeIgniter\CodeIgniter->runController(Object(App\Controllers\Users))
#5 C:\xampp\htdocs\City_Taxi\system\CodeIgniter.php(320): CodeIgniter\CodeIgniter->handleRequest(NULL, Object(Config\Cache), false)
#6 C:\xampp\htdocs\City_Taxi\public\index.php(37): CodeIgniter\CodeIgniter->run()
#7 C:\xampp\htdocs\City_Taxi\system\Commands\Server\rewrite.php(43): require_once('C:\\xampp\\htdocs...')
#8 {main}
CRITICAL - 2022-03-04 14:20:32 --> Undefined variable: data
#0 C:\xampp\htdocs\City_Taxi\app\Views\Admin\login.php(83): CodeIgniter\Debug\Exceptions->errorHandler(8, 'Undefined varia...', 'C:\\xampp\\htdocs...', 83, Array)
#1 C:\xampp\htdocs\City_Taxi\system\View\View.php(210): include('C:\\xampp\\htdocs...')
#2 C:\xampp\htdocs\City_Taxi\system\View\View.php(213): CodeIgniter\View\View->CodeIgniter\View\{closure}()
#3 C:\xampp\htdocs\City_Taxi\system\Common.php(1089): CodeIgniter\View\View->render('Admin/login', Array, true)
#4 C:\xampp\htdocs\City_Taxi\app\Controllers\Users.php(194): view('Admin/login', Array)
#5 C:\xampp\htdocs\City_Taxi\system\CodeIgniter.php(825): App\Controllers\Users->register()
#6 C:\xampp\htdocs\City_Taxi\system\CodeIgniter.php(412): CodeIgniter\CodeIgniter->runController(Object(App\Controllers\Users))
#7 C:\xampp\htdocs\City_Taxi\system\CodeIgniter.php(320): CodeIgniter\CodeIgniter->handleRequest(NULL, Object(Config\Cache), false)
#8 C:\xampp\htdocs\City_Taxi\public\index.php(37): CodeIgniter\CodeIgniter->run()
#9 C:\xampp\htdocs\City_Taxi\system\Commands\Server\rewrite.php(43): require_once('C:\\xampp\\htdocs...')
#10 {main}
CRITICAL - 2022-03-04 14:34:22 --> Undefined variable: data
#0 C:\xampp\htdocs\City_Taxi\app\Views\Admin\login.php(83): CodeIgniter\Debug\Exceptions->errorHandler(8, 'Undefined varia...', 'C:\\xampp\\htdocs...', 83, Array)
#1 C:\xampp\htdocs\City_Taxi\system\View\View.php(210): include('C:\\xampp\\htdocs...')
#2 C:\xampp\htdocs\City_Taxi\system\View\View.php(213): CodeIgniter\View\View->CodeIgniter\View\{closure}()
#3 C:\xampp\htdocs\City_Taxi\system\Common.php(1089): CodeIgniter\View\View->render('Admin/login', Array, true)
#4 C:\xampp\htdocs\City_Taxi\app\Controllers\Users.php(195): view('Admin/login', Array)
#5 C:\xampp\htdocs\City_Taxi\system\CodeIgniter.php(825): App\Controllers\Users->register()
#6 C:\xampp\htdocs\City_Taxi\system\CodeIgniter.php(412): CodeIgniter\CodeIgniter->runController(Object(App\Controllers\Users))
#7 C:\xampp\htdocs\City_Taxi\system\CodeIgniter.php(320): CodeIgniter\CodeIgniter->handleRequest(NULL, Object(Config\Cache), false)
#8 C:\xampp\htdocs\City_Taxi\public\index.php(37): CodeIgniter\CodeIgniter->run()
#9 C:\xampp\htdocs\City_Taxi\system\Commands\Server\rewrite.php(43): require_once('C:\\xampp\\htdocs...')
#10 {main}
CRITICAL - 2022-03-04 14:39:43 --> Undefined variable: regData
#0 C:\xampp\htdocs\City_Taxi\app\Views\Admin\login.php(83): CodeIgniter\Debug\Exceptions->errorHandler(8, 'Undefined varia...', 'C:\\xampp\\htdocs...', 83, Array)
#1 C:\xampp\htdocs\City_Taxi\system\View\View.php(210): include('C:\\xampp\\htdocs...')
#2 C:\xampp\htdocs\City_Taxi\system\View\View.php(213): CodeIgniter\View\View->CodeIgniter\View\{closure}()
#3 C:\xampp\htdocs\City_Taxi\system\Common.php(1089): CodeIgniter\View\View->render('Admin/login', Array, true)
#4 C:\xampp\htdocs\City_Taxi\app\Controllers\Users.php(77): view('Admin/login', Array)
#5 C:\xampp\htdocs\City_Taxi\system\CodeIgniter.php(825): App\Controllers\Users->index()
#6 C:\xampp\htdocs\City_Taxi\system\CodeIgniter.php(412): CodeIgniter\CodeIgniter->runController(Object(App\Controllers\Users))
#7 C:\xampp\htdocs\City_Taxi\system\CodeIgniter.php(320): CodeIgniter\CodeIgniter->handleRequest(NULL, Object(Config\Cache), false)
#8 C:\xampp\htdocs\City_Taxi\public\index.php(37): CodeIgniter\CodeIgniter->run()
#9 C:\xampp\htdocs\City_Taxi\system\Commands\Server\rewrite.php(43): require_once('C:\\xampp\\htdocs...')
#10 {main}
CRITICAL - 2022-03-04 14:43:58 --> Array to string conversion
#0 C:\xampp\htdocs\City_Taxi\app\Views\Admin\login.php(84): CodeIgniter\Debug\Exceptions->errorHandler(8, 'Array to string...', 'C:\\xampp\\htdocs...', 84, Array)
#1 C:\xampp\htdocs\City_Taxi\system\View\View.php(210): include('C:\\xampp\\htdocs...')
#2 C:\xampp\htdocs\City_Taxi\system\View\View.php(213): CodeIgniter\View\View->CodeIgniter\View\{closure}()
#3 C:\xampp\htdocs\City_Taxi\system\Common.php(1089): CodeIgniter\View\View->render('Admin/login', Array, true)
#4 C:\xampp\htdocs\City_Taxi\app\Controllers\Users.php(197): view('Admin/login', Array)
#5 C:\xampp\htdocs\City_Taxi\system\CodeIgniter.php(825): App\Controllers\Users->register()
#6 C:\xampp\htdocs\City_Taxi\system\CodeIgniter.php(412): CodeIgniter\CodeIgniter->runController(Object(App\Controllers\Users))
#7 C:\xampp\htdocs\City_Taxi\system\CodeIgniter.php(320): CodeIgniter\CodeIgniter->handleRequest(NULL, Object(Config\Cache), false)
#8 C:\xampp\htdocs\City_Taxi\public\index.php(37): CodeIgniter\CodeIgniter->run()
#9 C:\xampp\htdocs\City_Taxi\system\Commands\Server\rewrite.php(43): require_once('C:\\xampp\\htdocs...')
#10 {main}
CRITICAL - 2022-03-04 14:44:50 --> Undefined offset: 0
#0 C:\xampp\htdocs\City_Taxi\app\Views\Admin\login.php(84): CodeIgniter\Debug\Exceptions->errorHandler(8, 'Undefined offse...', 'C:\\xampp\\htdocs...', 84, Array)
#1 C:\xampp\htdocs\City_Taxi\system\View\View.php(210): include('C:\\xampp\\htdocs...')
#2 C:\xampp\htdocs\City_Taxi\system\View\View.php(213): CodeIgniter\View\View->CodeIgniter\View\{closure}()
#3 C:\xampp\htdocs\City_Taxi\system\Common.php(1089): CodeIgniter\View\View->render('Admin/login', Array, true)
#4 C:\xampp\htdocs\City_Taxi\app\Controllers\Users.php(197): view('Admin/login', Array)
#5 C:\xampp\htdocs\City_Taxi\system\CodeIgniter.php(825): App\Controllers\Users->register()
#6 C:\xampp\htdocs\City_Taxi\system\CodeIgniter.php(412): CodeIgniter\CodeIgniter->runController(Object(App\Controllers\Users))
#7 C:\xampp\htdocs\City_Taxi\system\CodeIgniter.php(320): CodeIgniter\CodeIgniter->handleRequest(NULL, Object(Config\Cache), false)
#8 C:\xampp\htdocs\City_Taxi\public\index.php(37): CodeIgniter\CodeIgniter->run()
#9 C:\xampp\htdocs\City_Taxi\system\Commands\Server\rewrite.php(43): require_once('C:\\xampp\\htdocs...')
#10 {main}
CRITICAL - 2022-03-04 23:12:00 --> Call to a member function listErrors() on string
#0 C:\xampp\htdocs\City_Taxi\system\View\View.php(210): include()
#1 C:\xampp\htdocs\City_Taxi\system\View\View.php(213): CodeIgniter\View\View->CodeIgniter\View\{closure}()
#2 C:\xampp\htdocs\City_Taxi\system\Common.php(1089): CodeIgniter\View\View->render('Admin/login', Array, true)
#3 C:\xampp\htdocs\City_Taxi\app\Controllers\Users.php(86): view('Admin/login', Array)
#4 C:\xampp\htdocs\City_Taxi\system\CodeIgniter.php(825): App\Controllers\Users->index()
#5 C:\xampp\htdocs\City_Taxi\system\CodeIgniter.php(412): CodeIgniter\CodeIgniter->runController(Object(App\Controllers\Users))
#6 C:\xampp\htdocs\City_Taxi\system\CodeIgniter.php(320): CodeIgniter\CodeIgniter->handleRequest(NULL, Object(Config\Cache), false)
#7 C:\xampp\htdocs\City_Taxi\public\index.php(37): CodeIgniter\CodeIgniter->run()
#8 C:\xampp\htdocs\City_Taxi\system\Commands\Server\rewrite.php(43): require_once('C:\\xampp\\htdocs...')
#9 {main}
CRITICAL - 2022-03-04 23:20:50 --> Array to string conversion
#0 C:\xampp\htdocs\City_Taxi\app\Controllers\Users.php(69): CodeIgniter\Debug\Exceptions->errorHandler(8, 'Array to string...', 'C:\\xampp\\htdocs...', 69, Array)
#1 C:\xampp\htdocs\City_Taxi\system\CodeIgniter.php(825): App\Controllers\Users->index()
#2 C:\xampp\htdocs\City_Taxi\system\CodeIgniter.php(412): CodeIgniter\CodeIgniter->runController(Object(App\Controllers\Users))
#3 C:\xampp\htdocs\City_Taxi\system\CodeIgniter.php(320): CodeIgniter\CodeIgniter->handleRequest(NULL, Object(Config\Cache), false)
#4 C:\xampp\htdocs\City_Taxi\public\index.php(37): CodeIgniter\CodeIgniter->run()
#5 C:\xampp\htdocs\City_Taxi\system\Commands\Server\rewrite.php(43): require_once('C:\\xampp\\htdocs...')
#6 {main}
CRITICAL - 2022-03-04 23:21:14 --> Undefined offset: 0
#0 C:\xampp\htdocs\City_Taxi\app\Controllers\Users.php(69): CodeIgniter\Debug\Exceptions->errorHandler(8, 'Undefined offse...', 'C:\\xampp\\htdocs...', 69, Array)
#1 C:\xampp\htdocs\City_Taxi\system\CodeIgniter.php(825): App\Controllers\Users->index()
#2 C:\xampp\htdocs\City_Taxi\system\CodeIgniter.php(412): CodeIgniter\CodeIgniter->runController(Object(App\Controllers\Users))
#3 C:\xampp\htdocs\City_Taxi\system\CodeIgniter.php(320): CodeIgniter\CodeIgniter->handleRequest(NULL, Object(Config\Cache), false)
#4 C:\xampp\htdocs\City_Taxi\public\index.php(37): CodeIgniter\CodeIgniter->run()
#5 C:\xampp\htdocs\City_Taxi\system\Commands\Server\rewrite.php(43): require_once('C:\\xampp\\htdocs...')
#6 {main}
CRITICAL - 2022-03-04 23:25:12 --> Call to a member function listErrors() on string
#0 C:\xampp\htdocs\City_Taxi\system\View\View.php(210): include()
#1 C:\xampp\htdocs\City_Taxi\system\View\View.php(213): CodeIgniter\View\View->CodeIgniter\View\{closure}()
#2 C:\xampp\htdocs\City_Taxi\system\Common.php(1089): CodeIgniter\View\View->render('Admin/login', Array, true)
#3 C:\xampp\htdocs\City_Taxi\app\Controllers\Users.php(86): view('Admin/login', Array)
#4 C:\xampp\htdocs\City_Taxi\system\CodeIgniter.php(825): App\Controllers\Users->index()
#5 C:\xampp\htdocs\City_Taxi\system\CodeIgniter.php(412): CodeIgniter\CodeIgniter->runController(Object(App\Controllers\Users))
#6 C:\xampp\htdocs\City_Taxi\system\CodeIgniter.php(320): CodeIgniter\CodeIgniter->handleRequest(NULL, Object(Config\Cache), false)
#7 C:\xampp\htdocs\City_Taxi\public\index.php(37): CodeIgniter\CodeIgniter->run()
#8 C:\xampp\htdocs\City_Taxi\system\Commands\Server\rewrite.php(43): require_once('C:\\xampp\\htdocs...')
#9 {main}
CRITICAL - 2022-03-04 23:25:53 --> Call to a member function listErrors() on array
#0 C:\xampp\htdocs\City_Taxi\system\View\View.php(210): include()
#1 C:\xampp\htdocs\City_Taxi\system\View\View.php(213): CodeIgniter\View\View->CodeIgniter\View\{closure}()
#2 C:\xampp\htdocs\City_Taxi\system\Common.php(1089): CodeIgniter\View\View->render('Admin/login', Array, true)
#3 C:\xampp\htdocs\City_Taxi\app\Controllers\Users.php(86): view('Admin/login', Array)
#4 C:\xampp\htdocs\City_Taxi\system\CodeIgniter.php(825): App\Controllers\Users->index()
#5 C:\xampp\htdocs\City_Taxi\system\CodeIgniter.php(412): CodeIgniter\CodeIgniter->runController(Object(App\Controllers\Users))
#6 C:\xampp\htdocs\City_Taxi\system\CodeIgniter.php(320): CodeIgniter\CodeIgniter->handleRequest(NULL, Object(Config\Cache), false)
#7 C:\xampp\htdocs\City_Taxi\public\index.php(37): CodeIgniter\CodeIgniter->run()
#8 C:\xampp\htdocs\City_Taxi\system\Commands\Server\rewrite.php(43): require_once('C:\\xampp\\htdocs...')
#9 {main}
CRITICAL - 2022-03-04 23:32:02 --> Call to a member function listErrors() on array
#0 C:\xampp\htdocs\City_Taxi\system\View\View.php(210): include()
#1 C:\xampp\htdocs\City_Taxi\system\View\View.php(213): CodeIgniter\View\View->CodeIgniter\View\{closure}()
#2 C:\xampp\htdocs\City_Taxi\system\Common.php(1089): CodeIgniter\View\View->render('Admin/login', Array, true)
#3 C:\xampp\htdocs\City_Taxi\app\Controllers\Users.php(86): view('Admin/login', Array)
#4 C:\xampp\htdocs\City_Taxi\system\CodeIgniter.php(825): App\Controllers\Users->index()
#5 C:\xampp\htdocs\City_Taxi\system\CodeIgniter.php(412): CodeIgniter\CodeIgniter->runController(Object(App\Controllers\Users))
#6 C:\xampp\htdocs\City_Taxi\system\CodeIgniter.php(320): CodeIgniter\CodeIgniter->handleRequest(NULL, Object(Config\Cache), false)
#7 C:\xampp\htdocs\City_Taxi\public\index.php(37): CodeIgniter\CodeIgniter->run()
#8 C:\xampp\htdocs\City_Taxi\system\Commands\Server\rewrite.php(43): require_once('C:\\xampp\\htdocs...')
#9 {main}
