CRITICAL - 2022-02-15 08:24:25 --> Invalid file: default.php
#0 C:\wamp64\www\City_Taxi\system\View\View.php(198): CodeIgniter\Exceptions\FrameworkException::forInvalidFile('default.php')
#1 C:\wamp64\www\City_Taxi\system\View\View.php(226): CodeIgniter\View\View->render('default', Array, true)
#2 C:\wamp64\www\City_Taxi\system\Common.php(1089): CodeIgniter\View\View->render('Admin/main', Array, true)
#3 C:\wamp64\www\City_Taxi\app\Controllers\Home.php(9): view('Admin/main')
#4 C:\wamp64\www\City_Taxi\system\CodeIgniter.php(825): App\Controllers\Home->index()
#5 C:\wamp64\www\City_Taxi\system\CodeIgniter.php(412): CodeIgniter\CodeIgniter->runController(Object(App\Controllers\Home))
#6 C:\wamp64\www\City_Taxi\system\CodeIgniter.php(320): CodeIgniter\CodeIgniter->handleRequest(NULL, Object(Config\Cache), false)
#7 C:\wamp64\www\City_Taxi\public\index.php(37): CodeIgniter\CodeIgniter->run()
#8 C:\wamp64\www\City_Taxi\system\Commands\Server\rewrite.php(43): require_once('C:\\wamp64\\www\\C...')
#9 {main}
CRITICAL - 2022-02-15 08:25:05 --> Invalid file: default.php
#0 C:\wamp64\www\City_Taxi\system\View\View.php(198): CodeIgniter\Exceptions\FrameworkException::forInvalidFile('default.php')
#1 C:\wamp64\www\City_Taxi\system\View\View.php(226): CodeIgniter\View\View->render('default', Array, true)
#2 C:\wamp64\www\City_Taxi\system\Common.php(1089): CodeIgniter\View\View->render('Admin/main.php', Array, true)
#3 C:\wamp64\www\City_Taxi\app\Controllers\Home.php(9): view('Admin/main.php')
#4 C:\wamp64\www\City_Taxi\system\CodeIgniter.php(825): App\Controllers\Home->index()
#5 C:\wamp64\www\City_Taxi\system\CodeIgniter.php(412): CodeIgniter\CodeIgniter->runController(Object(App\Controllers\Home))
#6 C:\wamp64\www\City_Taxi\system\CodeIgniter.php(320): CodeIgniter\CodeIgniter->handleRequest(NULL, Object(Config\Cache), false)
#7 C:\wamp64\www\City_Taxi\public\index.php(37): CodeIgniter\CodeIgniter->run()
#8 C:\wamp64\www\City_Taxi\system\Commands\Server\rewrite.php(43): require_once('C:\\wamp64\\www\\C...')
#9 {main}
CRITICAL - 2022-02-15 08:27:00 --> Invalid file: Admin/main.php
#0 C:\wamp64\www\City_Taxi\system\View\View.php(198): CodeIgniter\Exceptions\FrameworkException::forInvalidFile('Admin/main.php')
#1 C:\wamp64\www\City_Taxi\system\Common.php(1089): CodeIgniter\View\View->render('Admin/main.php', Array, true)
#2 C:\wamp64\www\City_Taxi\app\Controllers\Home.php(10): view('Admin/main.php')
#3 C:\wamp64\www\City_Taxi\system\CodeIgniter.php(825): App\Controllers\Home->index()
#4 C:\wamp64\www\City_Taxi\system\CodeIgniter.php(412): CodeIgniter\CodeIgniter->runController(Object(App\Controllers\Home))
#5 C:\wamp64\www\City_Taxi\system\CodeIgniter.php(320): CodeIgniter\CodeIgniter->handleRequest(NULL, Object(Config\Cache), false)
#6 C:\wamp64\www\City_Taxi\public\index.php(37): CodeIgniter\CodeIgniter->run()
#7 C:\wamp64\www\City_Taxi\system\Commands\Server\rewrite.php(43): require_once('C:\\wamp64\\www\\C...')
#8 {main}
CRITICAL - 2022-02-15 08:27:33 --> Invalid file: default.php
#0 C:\wamp64\www\City_Taxi\system\View\View.php(198): CodeIgniter\Exceptions\FrameworkException::forInvalidFile('default.php')
#1 C:\wamp64\www\City_Taxi\system\View\View.php(226): CodeIgniter\View\View->render('default', Array, true)
#2 C:\wamp64\www\City_Taxi\system\Common.php(1089): CodeIgniter\View\View->render('Admin/index.php', Array, true)
#3 C:\wamp64\www\City_Taxi\app\Controllers\Home.php(10): view('Admin/index.php')
#4 C:\wamp64\www\City_Taxi\system\CodeIgniter.php(825): App\Controllers\Home->index()
#5 C:\wamp64\www\City_Taxi\system\CodeIgniter.php(412): CodeIgniter\CodeIgniter->runController(Object(App\Controllers\Home))
#6 C:\wamp64\www\City_Taxi\system\CodeIgniter.php(320): CodeIgniter\CodeIgniter->handleRequest(NULL, Object(Config\Cache), false)
#7 C:\wamp64\www\City_Taxi\public\index.php(37): CodeIgniter\CodeIgniter->run()
#8 C:\wamp64\www\City_Taxi\system\Commands\Server\rewrite.php(43): require_once('C:\\wamp64\\www\\C...')
#9 {main}
CRITICAL - 2022-02-15 08:27:59 --> Invalid file: default.php
#0 C:\wamp64\www\City_Taxi\system\View\View.php(198): CodeIgniter\Exceptions\FrameworkException::forInvalidFile('default.php')
#1 C:\wamp64\www\City_Taxi\system\View\View.php(226): CodeIgniter\View\View->render('default', Array, true)
#2 C:\wamp64\www\City_Taxi\system\Common.php(1089): CodeIgniter\View\View->render('Admin/index.php', Array, true)
#3 C:\wamp64\www\City_Taxi\app\Controllers\Home.php(10): view('Admin/index.php')
#4 C:\wamp64\www\City_Taxi\system\CodeIgniter.php(825): App\Controllers\Home->index()
#5 C:\wamp64\www\City_Taxi\system\CodeIgniter.php(412): CodeIgniter\CodeIgniter->runController(Object(App\Controllers\Home))
#6 C:\wamp64\www\City_Taxi\system\CodeIgniter.php(320): CodeIgniter\CodeIgniter->handleRequest(NULL, Object(Config\Cache), false)
#7 C:\wamp64\www\City_Taxi\public\index.php(37): CodeIgniter\CodeIgniter->run()
#8 C:\wamp64\www\City_Taxi\system\Commands\Server\rewrite.php(43): require_once('C:\\wamp64\\www\\C...')
#9 {main}
CRITICAL - 2022-02-15 08:29:28 --> Invalid file: default.php
#0 C:\wamp64\www\City_Taxi\system\View\View.php(198): CodeIgniter\Exceptions\FrameworkException::forInvalidFile('default.php')
#1 C:\wamp64\www\City_Taxi\system\View\View.php(226): CodeIgniter\View\View->render('default', Array, true)
#2 C:\wamp64\www\City_Taxi\system\Common.php(1089): CodeIgniter\View\View->render('Admin/index.php', Array, true)
#3 C:\wamp64\www\City_Taxi\app\Controllers\Home.php(10): view('Admin/index.php')
#4 C:\wamp64\www\City_Taxi\system\CodeIgniter.php(825): App\Controllers\Home->index()
#5 C:\wamp64\www\City_Taxi\system\CodeIgniter.php(412): CodeIgniter\CodeIgniter->runController(Object(App\Controllers\Home))
#6 C:\wamp64\www\City_Taxi\system\CodeIgniter.php(320): CodeIgniter\CodeIgniter->handleRequest(NULL, Object(Config\Cache), false)
#7 C:\wamp64\www\City_Taxi\public\index.php(37): CodeIgniter\CodeIgniter->run()
#8 C:\wamp64\www\City_Taxi\system\Commands\Server\rewrite.php(43): require_once('C:\\wamp64\\www\\C...')
#9 {main}
CRITICAL - 2022-02-15 08:29:41 --> Invalid file: default.php
#0 C:\wamp64\www\City_Taxi\system\View\View.php(198): CodeIgniter\Exceptions\FrameworkException::forInvalidFile('default.php')
#1 C:\wamp64\www\City_Taxi\system\View\View.php(226): CodeIgniter\View\View->render('default', Array, true)
#2 C:\wamp64\www\City_Taxi\system\Common.php(1089): CodeIgniter\View\View->render('Admin/index.php', Array, true)
#3 C:\wamp64\www\City_Taxi\app\Controllers\Home.php(10): view('Admin/index.php')
#4 C:\wamp64\www\City_Taxi\system\CodeIgniter.php(825): App\Controllers\Home->index()
#5 C:\wamp64\www\City_Taxi\system\CodeIgniter.php(412): CodeIgniter\CodeIgniter->runController(Object(App\Controllers\Home))
#6 C:\wamp64\www\City_Taxi\system\CodeIgniter.php(320): CodeIgniter\CodeIgniter->handleRequest(NULL, Object(Config\Cache), false)
#7 C:\wamp64\www\City_Taxi\public\index.php(37): CodeIgniter\CodeIgniter->run()
#8 C:\wamp64\www\City_Taxi\system\Commands\Server\rewrite.php(43): require_once('C:\\wamp64\\www\\C...')
#9 {main}
CRITICAL - 2022-02-15 08:30:52 --> Invalid file: default.php
#0 C:\wamp64\www\City_Taxi\system\View\View.php(198): CodeIgniter\Exceptions\FrameworkException::forInvalidFile('default.php')
#1 C:\wamp64\www\City_Taxi\system\View\View.php(226): CodeIgniter\View\View->render('default', Array, true)
#2 C:\wamp64\www\City_Taxi\system\Common.php(1089): CodeIgniter\View\View->render('Admin/index', Array, true)
#3 C:\wamp64\www\City_Taxi\app\Controllers\Home.php(10): view('Admin/index')
#4 C:\wamp64\www\City_Taxi\system\CodeIgniter.php(825): App\Controllers\Home->index()
#5 C:\wamp64\www\City_Taxi\system\CodeIgniter.php(412): CodeIgniter\CodeIgniter->runController(Object(App\Controllers\Home))
#6 C:\wamp64\www\City_Taxi\system\CodeIgniter.php(320): CodeIgniter\CodeIgniter->handleRequest(NULL, Object(Config\Cache), false)
#7 C:\wamp64\www\City_Taxi\public\index.php(37): CodeIgniter\CodeIgniter->run()
#8 C:\wamp64\www\City_Taxi\system\Commands\Server\rewrite.php(43): require_once('C:\\wamp64\\www\\C...')
#9 {main}
CRITICAL - 2022-02-15 08:34:05 --> Invalid file: default.php
#0 C:\wamp64\www\City_Taxi\system\View\View.php(198): CodeIgniter\Exceptions\FrameworkException::forInvalidFile('default.php')
#1 C:\wamp64\www\City_Taxi\system\View\View.php(226): CodeIgniter\View\View->render('default', Array, true)
#2 C:\wamp64\www\City_Taxi\system\Common.php(1089): CodeIgniter\View\View->render('Admin/index', Array, true)
#3 C:\wamp64\www\City_Taxi\app\Controllers\Home.php(10): view('Admin/index')
#4 C:\wamp64\www\City_Taxi\system\CodeIgniter.php(825): App\Controllers\Home->index()
#5 C:\wamp64\www\City_Taxi\system\CodeIgniter.php(412): CodeIgniter\CodeIgniter->runController(Object(App\Controllers\Home))
#6 C:\wamp64\www\City_Taxi\system\CodeIgniter.php(320): CodeIgniter\CodeIgniter->handleRequest(NULL, Object(Config\Cache), false)
#7 C:\wamp64\www\City_Taxi\public\index.php(37): CodeIgniter\CodeIgniter->run()
#8 C:\wamp64\www\City_Taxi\system\Commands\Server\rewrite.php(43): require_once('C:\\wamp64\\www\\C...')
#9 {main}
