CRITICAL - 2022-03-11 09:17:10 --> Undefined variable: types
#0 C:\xampp\htdocs\City_Taxi\app\Views\Passenger\Make_request.php(91): CodeIgniter\Debug\Exceptions->errorHandler(8, 'Undefined varia...', 'C:\\xampp\\htdocs...', 91, Array)
#1 C:\xampp\htdocs\City_Taxi\system\View\View.php(210): include('C:\\xampp\\htdocs...')
#2 C:\xampp\htdocs\City_Taxi\system\View\View.php(213): CodeIgniter\View\View->CodeIgniter\View\{closure}()
#3 C:\xampp\htdocs\City_Taxi\system\Common.php(1089): CodeIgniter\View\View->render('Passenger/Make_...', Array, true)
#4 C:\xampp\htdocs\City_Taxi\app\Controllers\Home.php(57): view('Passenger/Make_...', Array)
#5 C:\xampp\htdocs\City_Taxi\system\CodeIgniter.php(825): App\Controllers\Home->mkrequest()
#6 C:\xampp\htdocs\City_Taxi\system\CodeIgniter.php(412): CodeIgniter\CodeIgniter->runController(Object(App\Controllers\Home))
#7 C:\xampp\htdocs\City_Taxi\system\CodeIgniter.php(320): CodeIgniter\CodeIgniter->handleRequest(NULL, Object(Config\Cache), false)
#8 C:\xampp\htdocs\City_Taxi\public\index.php(37): CodeIgniter\CodeIgniter->run()
#9 C:\xampp\htdocs\City_Taxi\system\Commands\Server\rewrite.php(43): require_once('C:\\xampp\\htdocs...')
#10 {main}
CRITICAL - 2022-03-11 09:17:44 --> Undefined variable: types
#0 C:\xampp\htdocs\City_Taxi\app\Views\Passenger\Make_request.php(91): CodeIgniter\Debug\Exceptions->errorHandler(8, 'Undefined varia...', 'C:\\xampp\\htdocs...', 91, Array)
#1 C:\xampp\htdocs\City_Taxi\system\View\View.php(210): include('C:\\xampp\\htdocs...')
#2 C:\xampp\htdocs\City_Taxi\system\View\View.php(213): CodeIgniter\View\View->CodeIgniter\View\{closure}()
#3 C:\xampp\htdocs\City_Taxi\system\Common.php(1089): CodeIgniter\View\View->render('Passenger/Make_...', Array, true)
#4 C:\xampp\htdocs\City_Taxi\app\Controllers\Home.php(57): view('Passenger/Make_...', Array)
#5 C:\xampp\htdocs\City_Taxi\system\CodeIgniter.php(825): App\Controllers\Home->mkrequest()
#6 C:\xampp\htdocs\City_Taxi\system\CodeIgniter.php(412): CodeIgniter\CodeIgniter->runController(Object(App\Controllers\Home))
#7 C:\xampp\htdocs\City_Taxi\system\CodeIgniter.php(320): CodeIgniter\CodeIgniter->handleRequest(NULL, Object(Config\Cache), false)
#8 C:\xampp\htdocs\City_Taxi\public\index.php(37): CodeIgniter\CodeIgniter->run()
#9 C:\xampp\htdocs\City_Taxi\system\Commands\Server\rewrite.php(43): require_once('C:\\xampp\\htdocs...')
#10 {main}
CRITICAL - 2022-03-11 09:18:11 --> Undefined variable: types
#0 C:\xampp\htdocs\City_Taxi\app\Views\Passenger\Make_request.php(91): CodeIgniter\Debug\Exceptions->errorHandler(8, 'Undefined varia...', 'C:\\xampp\\htdocs...', 91, Array)
#1 C:\xampp\htdocs\City_Taxi\system\View\View.php(210): include('C:\\xampp\\htdocs...')
#2 C:\xampp\htdocs\City_Taxi\system\View\View.php(213): CodeIgniter\View\View->CodeIgniter\View\{closure}()
#3 C:\xampp\htdocs\City_Taxi\system\Common.php(1089): CodeIgniter\View\View->render('Passenger/Make_...', Array, true)
#4 C:\xampp\htdocs\City_Taxi\app\Controllers\Home.php(57): view('Passenger/Make_...', Array)
#5 C:\xampp\htdocs\City_Taxi\system\CodeIgniter.php(825): App\Controllers\Home->mkrequest()
#6 C:\xampp\htdocs\City_Taxi\system\CodeIgniter.php(412): CodeIgniter\CodeIgniter->runController(Object(App\Controllers\Home))
#7 C:\xampp\htdocs\City_Taxi\system\CodeIgniter.php(320): CodeIgniter\CodeIgniter->handleRequest(NULL, Object(Config\Cache), false)
#8 C:\xampp\htdocs\City_Taxi\public\index.php(37): CodeIgniter\CodeIgniter->run()
#9 C:\xampp\htdocs\City_Taxi\system\Commands\Server\rewrite.php(43): require_once('C:\\xampp\\htdocs...')
#10 {main}
