CRITICAL - 2022-02-16 01:28:32 --> Call to a member function database() on null
#0 C:\wamp64\www\City_Taxi\system\CodeIgniter.php(825): App\Controllers\Home->dbase()
#1 C:\wamp64\www\City_Taxi\system\CodeIgniter.php(412): CodeIgniter\CodeIgniter->runController(Object(App\Controllers\Home))
#2 C:\wamp64\www\City_Taxi\system\CodeIgniter.php(320): CodeIgniter\CodeIgniter->handleRequest(NULL, Object(Config\Cache), false)
#3 C:\wamp64\www\City_Taxi\public\index.php(37): CodeIgniter\CodeIgniter->run()
#4 C:\wamp64\www\City_Taxi\system\Commands\Server\rewrite.php(43): require_once('C:\\wamp64\\www\\C...')
#5 {main}
CRITICAL - 2022-02-16 01:29:54 --> Call to a member function database() on null
#0 C:\wamp64\www\City_Taxi\system\CodeIgniter.php(825): App\Controllers\Home->index()
#1 C:\wamp64\www\City_Taxi\system\CodeIgniter.php(412): CodeIgniter\CodeIgniter->runController(Object(App\Controllers\Home))
#2 C:\wamp64\www\City_Taxi\system\CodeIgniter.php(320): CodeIgniter\CodeIgniter->handleRequest(NULL, Object(Config\Cache), false)
#3 C:\wamp64\www\City_Taxi\public\index.php(37): CodeIgniter\CodeIgniter->run()
#4 C:\wamp64\www\City_Taxi\system\Commands\Server\rewrite.php(43): require_once('C:\\wamp64\\www\\C...')
#5 {main}
CRITICAL - 2022-02-16 01:56:43 --> Call to undefined function set_value()
#0 C:\wamp64\www\City_Taxi\system\View\View.php(210): include()
#1 C:\wamp64\www\City_Taxi\system\View\View.php(213): CodeIgniter\View\View->CodeIgniter\View\{closure}()
#2 C:\wamp64\www\City_Taxi\system\Common.php(1089): CodeIgniter\View\View->render('Admin/login', Array, true)
#3 C:\wamp64\www\City_Taxi\app\Controllers\Sign.php(10): view('Admin/login')
#4 C:\wamp64\www\City_Taxi\system\CodeIgniter.php(825): App\Controllers\Sign->login()
#5 C:\wamp64\www\City_Taxi\system\CodeIgniter.php(412): CodeIgniter\CodeIgniter->runController(Object(App\Controllers\Sign))
#6 C:\wamp64\www\City_Taxi\system\CodeIgniter.php(320): CodeIgniter\CodeIgniter->handleRequest(NULL, Object(Config\Cache), false)
#7 C:\wamp64\www\City_Taxi\public\index.php(37): CodeIgniter\CodeIgniter->run()
#8 C:\wamp64\www\City_Taxi\system\Commands\Server\rewrite.php(43): require_once('C:\\wamp64\\www\\C...')
#9 {main}
CRITICAL - 2022-02-16 01:56:49 --> Call to undefined function set_value()
#0 C:\wamp64\www\City_Taxi\system\View\View.php(210): include()
#1 C:\wamp64\www\City_Taxi\system\View\View.php(213): CodeIgniter\View\View->CodeIgniter\View\{closure}()
#2 C:\wamp64\www\City_Taxi\system\Common.php(1089): CodeIgniter\View\View->render('Admin/login', Array, true)
#3 C:\wamp64\www\City_Taxi\app\Controllers\Sign.php(10): view('Admin/login')
#4 C:\wamp64\www\City_Taxi\system\CodeIgniter.php(825): App\Controllers\Sign->login()
#5 C:\wamp64\www\City_Taxi\system\CodeIgniter.php(412): CodeIgniter\CodeIgniter->runController(Object(App\Controllers\Sign))
#6 C:\wamp64\www\City_Taxi\system\CodeIgniter.php(320): CodeIgniter\CodeIgniter->handleRequest(NULL, Object(Config\Cache), false)
#7 C:\wamp64\www\City_Taxi\public\index.php(37): CodeIgniter\CodeIgniter->run()
#8 C:\wamp64\www\City_Taxi\system\Commands\Server\rewrite.php(43): require_once('C:\\wamp64\\www\\C...')
#9 {main}
CRITICAL - 2022-02-16 01:57:39 --> Call to undefined function set_value()
#0 C:\wamp64\www\City_Taxi\system\View\View.php(210): include()
#1 C:\wamp64\www\City_Taxi\system\View\View.php(213): CodeIgniter\View\View->CodeIgniter\View\{closure}()
#2 C:\wamp64\www\City_Taxi\system\Common.php(1089): CodeIgniter\View\View->render('Admin/login', Array, true)
#3 C:\wamp64\www\City_Taxi\app\Controllers\Sign.php(10): view('Admin/login')
#4 C:\wamp64\www\City_Taxi\system\CodeIgniter.php(825): App\Controllers\Sign->login()
#5 C:\wamp64\www\City_Taxi\system\CodeIgniter.php(412): CodeIgniter\CodeIgniter->runController(Object(App\Controllers\Sign))
#6 C:\wamp64\www\City_Taxi\system\CodeIgniter.php(320): CodeIgniter\CodeIgniter->handleRequest(NULL, Object(Config\Cache), false)
#7 C:\wamp64\www\City_Taxi\public\index.php(37): CodeIgniter\CodeIgniter->run()
#8 C:\wamp64\www\City_Taxi\system\Commands\Server\rewrite.php(43): require_once('C:\\wamp64\\www\\C...')
#9 {main}
CRITICAL - 2022-02-16 01:57:49 --> Call to undefined function set_value()
#0 C:\wamp64\www\City_Taxi\system\View\View.php(210): include()
#1 C:\wamp64\www\City_Taxi\system\View\View.php(213): CodeIgniter\View\View->CodeIgniter\View\{closure}()
#2 C:\wamp64\www\City_Taxi\system\Common.php(1089): CodeIgniter\View\View->render('Admin/login', Array, true)
#3 C:\wamp64\www\City_Taxi\app\Controllers\Sign.php(10): view('Admin/login')
#4 C:\wamp64\www\City_Taxi\system\CodeIgniter.php(825): App\Controllers\Sign->login()
#5 C:\wamp64\www\City_Taxi\system\CodeIgniter.php(412): CodeIgniter\CodeIgniter->runController(Object(App\Controllers\Sign))
#6 C:\wamp64\www\City_Taxi\system\CodeIgniter.php(320): CodeIgniter\CodeIgniter->handleRequest(NULL, Object(Config\Cache), false)
#7 C:\wamp64\www\City_Taxi\public\index.php(37): CodeIgniter\CodeIgniter->run()
#8 C:\wamp64\www\City_Taxi\system\Commands\Server\rewrite.php(43): require_once('C:\\wamp64\\www\\C...')
#9 {main}
CRITICAL - 2022-02-16 01:57:50 --> Call to undefined function set_value()
#0 C:\wamp64\www\City_Taxi\system\View\View.php(210): include()
#1 C:\wamp64\www\City_Taxi\system\View\View.php(213): CodeIgniter\View\View->CodeIgniter\View\{closure}()
#2 C:\wamp64\www\City_Taxi\system\Common.php(1089): CodeIgniter\View\View->render('Admin/login', Array, true)
#3 C:\wamp64\www\City_Taxi\app\Controllers\Sign.php(10): view('Admin/login')
#4 C:\wamp64\www\City_Taxi\system\CodeIgniter.php(825): App\Controllers\Sign->login()
#5 C:\wamp64\www\City_Taxi\system\CodeIgniter.php(412): CodeIgniter\CodeIgniter->runController(Object(App\Controllers\Sign))
#6 C:\wamp64\www\City_Taxi\system\CodeIgniter.php(320): CodeIgniter\CodeIgniter->handleRequest(NULL, Object(Config\Cache), false)
#7 C:\wamp64\www\City_Taxi\public\index.php(37): CodeIgniter\CodeIgniter->run()
#8 C:\wamp64\www\City_Taxi\system\Commands\Server\rewrite.php(43): require_once('C:\\wamp64\\www\\C...')
#9 {main}
